AESOP FAILURES - RUN: run_20251211_181241
Generated: 2025-12-11 18:15:31
================================================================================

Total failures in this run: 23

FAILURE BREAKDOWN:
  - Syntax errors (FIXABLE): 5
  - No progress (UNKNOWN): 0
  - Partial progress (NEEDS HINTS): 8
  - Fundamental (NOT AESOP-SOLVABLE): 1
  - Unknown: 9


================================================================================
CATEGORY: SYNTAX_ERROR
================================================================================

--------------------------------------------------------------------------------
FAILURE: eval₂_sum
--------------------------------------------------------------------------------
Line number: 133
Has @[simp]: False
Failure reason: all_versions_failed
Classification: syntax_error: Aesop syntax error - fixable
Context: semiring_s

Original theorem signature:
--------------------------------------------------------------------------------
theorem eval₂_sum (p : T[X]) (g : Nat → T → R[X]) (x : S) :
    (p.sum g).eval₂ f x = p.sum fun n a => (g n a).eval₂ f x
--------------------------------------------------------------------------------

LLM suggested proof (final):
--------------------------------------------------------------------------------
theorem eval₂_sum_test (p : T[X]) (g : Nat → T → R[X]) (x : S) :
    (p.sum g).eval₂ f x = p.sum fun n a => (g n a).eval₂ f x := by
  aesop (add norm [eval₂AddMonoidHom, AddMonoidHom.map_sum]) (config := { enableSimp := true })
--------------------------------------------------------------------------------

Error details:
--------------------------------------------------------------------------------
Original aesop error:
tactic 'aesop' failed, made no progress
Initial goal:
  R : Type u_1
  S : Type u_2
  T : Type u_3
  inst✝² : Semiring R
  inst✝¹ : Semiring S
  f : R →+* S
  inst✝ : Semiring T
  p : T[X]
  g : ℕ → T → R[X]
  x : S
  ⊢ eval₂ f x (p.sum g) = p.sum fun n a => eval₂ f x (g n a)

All 3 LLM versions failed after 6 total attempts
--------------------------------------------------------------------------------

~~~~~~~~~~~~~~~~~~~~~~~~~~~~~~~~~~~~~~~~~~~~~~~~~~~~~~~~~~~~~~~~~~~~~~~~~~~~~~~~
DETAILED VERSION ATTEMPTS (3 versions):
~~~~~~~~~~~~~~~~~~~~~~~~~~~~~~~~~~~~~~~~~~~~~~~~~~~~~~~~~~~~~~~~~~~~~~~~~~~~~~~~

  Version 1 (2 attempts):
  Final output: theorem eval₂_sum_test (p : T[X]) (g : Nat → T → R[X]) (x : S) :
    (p.sum g).eval₂ f x = p.sum fun n a => (g n a).eval₂ f x := by
  aesop (add norm [eval₂AddMonoidHom, AddMonoidHom.map_sum]) (config...

  Final error: aesop: Unable to interpret 'AddMonoidHom.map_sum' as a norm rule. Try specifying a builder.
  Retry history:
    Retry 1:
      Attempt: theorem eval₂_sum_test (p : T[X]) (g : Nat → T → R[X]) (x : S) :
    (p.sum g).eval₂ f x = p.sum fun n a => (g n a).eval₂ f x := by
  aesop (add norm ...
      Error: aesop: Unable to interpret 'AddMonoidHom.map_sum' as a norm rule. Try specifying a builder.
    Retry 2:
      Attempt: theorem eval₂_sum_test (p : T[X]) (g : Nat → T → R[X]) (x : S) :
    (p.sum g).eval₂ f x = p.sum fun n a => (g n a).eval₂ f x := by
  aesop (add norm ...
      Error: aesop: Unable to interpret 'AddMonoidHom.map_sum' as a norm rule. Try specifying a builder.

  Version 2 (2 attempts):
  Final output: theorem eval₂_sum_test (p : T[X]) (g : Nat → T → R[X]) (x : S) :
    (p.sum g).eval₂ f x = p.sum fun n a => (g n a).eval₂ f x := by
  aesop (add norm [eval₂AddMonoidHom, AddMonoidHom.map_sum]) (config...

  Final error: aesop: Unable to interpret 'AddMonoidHom.map_sum' as a norm rule. Try specifying a builder.
  Retry history:
    Retry 1:
      Attempt: theorem eval₂_sum_test (p : T[X]) (g : Nat → T → R[X]) (x : S) :
    (p.sum g).eval₂ f x = p.sum fun n a => (g n a).eval₂ f x := by
  aesop (add norm ...
      Error: aesop: Unable to interpret 'AddMonoidHom.map_sum' as a norm rule. Try specifying a builder.
    Retry 2:
      Attempt: theorem eval₂_sum_test (p : T[X]) (g : Nat → T → R[X]) (x : S) :
    (p.sum g).eval₂ f x = p.sum fun n a => (g n a).eval₂ f x := by
  aesop (add norm ...
      Error: aesop: Unable to interpret 'AddMonoidHom.map_sum' as a norm rule. Try specifying a builder.

  Version 3 (2 attempts):
  Final output: theorem eval₂_sum_test (p : T[X]) (g : Nat → T → R[X]) (x : S) :
    (p.sum g).eval₂ f x = p.sum fun n a => (g n a).eval₂ f x := by
  aesop (add norm [eval₂AddMonoidHom, AddMonoidHom.map_sum])

  Final error: aesop: Unable to interpret 'AddMonoidHom.map_sum' as a norm rule. Try specifying a builder.
  Retry history:
    Retry 1:
      Attempt: theorem eval₂_sum_test (p : T[X]) (g : Nat → T → R[X]) (x : S) :
    (p.sum g).eval₂ f x = p.sum fun n a => (g n a).eval₂ f x := by
  aesop (add norm ...
      Error: tactic 'aesop' failed, made no progress
Initial goal:
  R : Type u_1
  S : Type u_2
  T : Type u_3
  inst✝² : Semiring R
  inst✝¹ : Semiring S
  f : R →+* S
  inst✝ : Semiring T
  p : T[X]
  g : ℕ → T...
    Retry 2:
      Attempt: theorem eval₂_sum_test (p : T[X]) (g : Nat → T → R[X]) (x : S) :
    (p.sum g).eval₂ f x = p.sum fun n a => (g n a).eval₂ f x := by
  aesop (add norm ...
      Error: aesop: Unable to interpret 'AddMonoidHom.map_sum' as a norm rule. Try specifying a builder.

--------------------------------------------------------------------------------
FAILURE: eval_sum
--------------------------------------------------------------------------------
Line number: 352
Has @[simp]: False
Failure reason: all_versions_failed
Classification: syntax_error: Aesop syntax error - fixable
Context: eval_r

Original theorem signature:
--------------------------------------------------------------------------------
theorem eval_sum (p : R[X]) (f : Nat → R → R[X]) (x : R) :
    (p.sum f).eval x = p.sum fun n a => (f n a).eval x
--------------------------------------------------------------------------------

LLM suggested proof (final):
--------------------------------------------------------------------------------
theorem eval_sum_test (p : R[X]) (f : Nat → R → R[X]) (x : R) :
    (p.sum f).eval x = p.sum fun n a => (f n a).eval x :=
  by aesop (add norm [eval₂_sum, eval₂_id])
--------------------------------------------------------------------------------

Error details:
--------------------------------------------------------------------------------
Original aesop error:
tactic 'aesop' failed, made no progress
Initial goal:
  R : Type u_1
  inst✝ : Semiring R
  p : R[X]
  f : ℕ → R → R[X]
  x : R
  ⊢ eval x (p.sum f) = p.sum fun n a => eval x (f n a)

All 3 LLM versions failed after 6 total attempts
--------------------------------------------------------------------------------

~~~~~~~~~~~~~~~~~~~~~~~~~~~~~~~~~~~~~~~~~~~~~~~~~~~~~~~~~~~~~~~~~~~~~~~~~~~~~~~~
DETAILED VERSION ATTEMPTS (3 versions):
~~~~~~~~~~~~~~~~~~~~~~~~~~~~~~~~~~~~~~~~~~~~~~~~~~~~~~~~~~~~~~~~~~~~~~~~~~~~~~~~

  Version 1 (2 attempts):
  Final output: theorem eval_sum_test (p : R[X]) (f : Nat → R → R[X]) (x : R) :
    (p.sum f).eval x = p.sum fun n a => (f n a).eval x :=
  by aesop (add norm [eval₂_sum, eval₂_id])

  Final error: aesop: Unable to interpret 'eval₂_id' as a norm rule. Try specifying a builder.
  Retry history:
    Retry 1:
      Attempt: theorem eval_sum_test (p : R[X]) (f : Nat → R → R[X]) (x : R) :
    (p.sum f).eval x = p.sum fun n a => (f n a).eval x :=
  by aesop (add norm eval₂_s...
      Error: tactic 'aesop' failed, made no progress
Initial goal:
  R : Type u_1
  inst✝ : Semiring R
  p : R[X]
  f : ℕ → R → R[X]
  x : R
  ⊢ eval x (p.sum f) = p.sum fun n a => eval x (f n a)
    Retry 2:
      Attempt: theorem eval_sum_test (p : R[X]) (f : Nat → R → R[X]) (x : R) :
    (p.sum f).eval x = p.sum fun n a => (f n a).eval x :=
  by aesop (add norm [eval₂_...
      Error: aesop: Unable to interpret 'eval₂_id' as a norm rule. Try specifying a builder.

  Version 2 (2 attempts):
  Final output: theorem eval_sum_test (p : R[X]) (f : Nat → R → R[X]) (x : R) :
    (p.sum f).eval x = p.sum fun n a => (f n a).eval x :=
  by aesop (add norm [eval₂_sum, eval₂_id])

  Final error: aesop: Unable to interpret 'eval₂_id' as a norm rule. Try specifying a builder.
  Retry history:
    Retry 1:
      Attempt: theorem eval_sum_test (p : R[X]) (f : Nat → R → R[X]) (x : R) :
    (p.sum f).eval x = p.sum fun n a => (f n a).eval x :=
  by aesop (add norm eval₂_s...
      Error: tactic 'aesop' failed, made no progress
Initial goal:
  R : Type u_1
  inst✝ : Semiring R
  p : R[X]
  f : ℕ → R → R[X]
  x : R
  ⊢ eval x (p.sum f) = p.sum fun n a => eval x (f n a)
    Retry 2:
      Attempt: theorem eval_sum_test (p : R[X]) (f : Nat → R → R[X]) (x : R) :
    (p.sum f).eval x = p.sum fun n a => (f n a).eval x :=
  by aesop (add norm [eval₂_...
      Error: aesop: Unable to interpret 'eval₂_id' as a norm rule. Try specifying a builder.

  Version 3 (2 attempts):
  Final output: theorem eval_sum_test (p : R[X]) (f : Nat → R → R[X]) (x : R) :
    (p.sum f).eval x = p.sum fun n a => (f n a).eval x :=
  by aesop (add norm [eval₂_sum, eval₂_id])

  Final error: aesop: Unable to interpret 'eval₂_id' as a norm rule. Try specifying a builder.
  Retry history:
    Retry 1:
      Attempt: theorem eval_sum_test (p : R[X]) (f : Nat → R → R[X]) (x : R) :
    (p.sum f).eval x = p.sum fun n a => (f n a).eval x :=
  by aesop (add norm eval₂_s...
      Error: tactic 'aesop' failed, made no progress
Initial goal:
  R : Type u_1
  inst✝ : Semiring R
  p : R[X]
  f : ℕ → R → R[X]
  x : R
  ⊢ eval x (p.sum f) = p.sum fun n a => eval x (f n a)
    Retry 2:
      Attempt: theorem eval_sum_test (p : R[X]) (f : Nat → R → R[X]) (x : R) :
    (p.sum f).eval x = p.sum fun n a => (f n a).eval x :=
  by aesop (add norm [eval₂_...
      Error: aesop: Unable to interpret 'eval₂_id' as a norm rule. Try specifying a builder.

--------------------------------------------------------------------------------
FAILURE: comp_assoc
--------------------------------------------------------------------------------
Line number: 483
Has @[simp]: False
Failure reason: all_versions_failed
Classification: syntax_error: Aesop syntax error - fixable
Context: eval_r

Original theorem signature:
--------------------------------------------------------------------------------
theorem comp_assoc {R : Type*} [CommSemiring R] (φ ψ χ : R[X]) :
    (φ.comp ψ).comp χ = φ.comp (ψ.comp χ)
--------------------------------------------------------------------------------

LLM suggested proof (final):
--------------------------------------------------------------------------------
theorem comp_assoc_test {R : Type*} [CommSemiring R] (φ ψ χ : R[X]) :
    (φ.comp ψ).comp χ = φ.comp (ψ.comp χ) := by
  induction φ with
  | ofFinsupp => aesop (add norm [C_comp, X_comp, add_comp, mul_comp])
--------------------------------------------------------------------------------

Error details:
--------------------------------------------------------------------------------
Original aesop error:
tactic 'aesop' failed, made no progress
Initial goal:
  R : Type u_5
  inst✝ : CommSemiring R
  φ ψ χ : R[X]
  ⊢ (φ.comp ψ).comp χ = φ.comp (ψ.comp χ)

All 3 LLM versions failed after 6 total attempts
--------------------------------------------------------------------------------

~~~~~~~~~~~~~~~~~~~~~~~~~~~~~~~~~~~~~~~~~~~~~~~~~~~~~~~~~~~~~~~~~~~~~~~~~~~~~~~~
DETAILED VERSION ATTEMPTS (3 versions):
~~~~~~~~~~~~~~~~~~~~~~~~~~~~~~~~~~~~~~~~~~~~~~~~~~~~~~~~~~~~~~~~~~~~~~~~~~~~~~~~

  Version 1 (2 attempts):
  Final output: theorem comp_assoc_test {R : Type*} [CommSemiring R] (φ ψ χ : R[X]) :
    (φ.comp ψ).comp χ = φ.comp (ψ.comp χ) := by
  induction φ with
  | ofFinsupp => aesop (add norm [C_comp, X_comp, add_comp, mul...

  Final error: tactic 'aesop' failed, made no progress
Initial goal:
  case ofFinsupp
  R : Type u_5
  inst✝ : CommSemiring R
  ψ χ : R[X]
  toFinsupp✝ : R[ℕ]
  ⊢ ({ toFinsupp := toFinsupp✝ }.comp ψ).comp χ = { toFinsupp := toFinsupp✝ }.comp (ψ.comp χ)
  Retry history:
    Retry 1:
      Attempt: theorem comp_assoc_test {R : Type*} [CommSemiring R] (φ ψ χ : R[X]) :
    (φ.comp ψ).comp χ = φ.comp (ψ.comp χ) := by
  induction φ with
  | C a => ae...
      Error: invalid alternative name 'C', expected 'ofFinsupp'
    Retry 2:
      Attempt: theorem comp_assoc_test {R : Type*} [CommSemiring R] (φ ψ χ : R[X]) :
    (φ.comp ψ).comp χ = φ.comp (ψ.comp χ) := by
  induction φ with
  | ofFinsupp...
      Error: tactic 'aesop' failed, made no progress
Initial goal:
  case ofFinsupp
  R : Type u_5
  inst✝ : CommSemiring R
  ψ χ : R[X]
  toFinsupp✝ : R[ℕ]
  ⊢ ({ toFinsupp := toFinsupp✝ }.comp ψ).comp χ = { toFi...

  Version 2 (2 attempts):
  Final output: theorem comp_assoc_test {R : Type*} [CommSemiring R] (φ ψ χ : R[X]) :
    (φ.comp ψ).comp χ = φ.comp (ψ.comp χ) := by
  induction φ using Polynomial.induction_on with
  | C a => aesop (add norm C_comp...

  Final error: invalid alternative name 'C', expected 'h_C', 'h_add' or 'h_monomial'
  Retry history:
    Retry 1:
      Attempt: theorem comp_assoc_test {R : Type*} [CommSemiring R] (φ ψ χ : R[X]) :
    (φ.comp ψ).comp χ = φ.comp (ψ.comp χ) := by
  induction φ with
  | C a => ae...
      Error: invalid alternative name 'C', expected 'ofFinsupp'
    Retry 2:
      Attempt: theorem comp_assoc_test {R : Type*} [CommSemiring R] (φ ψ χ : R[X]) :
    (φ.comp ψ).comp χ = φ.comp (ψ.comp χ) := by
  induction φ using Polynomial.i...
      Error: invalid alternative name 'C', expected 'h_C', 'h_add' or 'h_monomial'

  Version 3 (2 attempts):
  Final output: theorem comp_assoc_test {R : Type*} [CommSemiring R] (φ ψ χ : R[X]) :
    (φ.comp ψ).comp χ = φ.comp (ψ.comp χ) := by
  induction φ with
  | ofFinsupp => aesop (add norm [C_comp, X_comp, add_comp, mul...

  Final error: invalid alternative name 'h_add', no unhandled alternatives
  Retry history:
    Retry 1:
      Attempt: theorem comp_assoc_test {R : Type*} [CommSemiring R] (φ ψ χ : R[X]) :
    (φ.comp ψ).comp χ = φ.comp (ψ.comp χ) := by
  induction φ with
  | C a => ae...
      Error: invalid alternative name 'C', expected 'ofFinsupp'
    Retry 2:
      Attempt: theorem comp_assoc_test {R : Type*} [CommSemiring R] (φ ψ χ : R[X]) :
    (φ.comp ψ).comp χ = φ.comp (ψ.comp χ) := by
  induction φ with
  | ofFinsupp...
      Error: invalid alternative name 'h_add', no unhandled alternatives

--------------------------------------------------------------------------------
FAILURE: eval₂_multiset_prod
--------------------------------------------------------------------------------
Line number: 659
Has @[simp]: False
Failure reason: all_versions_failed
Classification: syntax_error: Aesop syntax error - fixable
Context: commsemiring_r

Original theorem signature:
--------------------------------------------------------------------------------
theorem eval₂_multiset_prod (s : Multiset R[X]) (x : S) :
    eval₂ f x s.prod = (s.map (eval₂ f x)).prod
--------------------------------------------------------------------------------

LLM suggested proof (final):
--------------------------------------------------------------------------------
theorem eval₂_multiset_prod_test (s : Multiset R[X]) (x : S) :
    eval₂ f x s.prod = (s.map (eval₂ f x)).prod := by
  aesop (add norm [eval₂RingHom, Multiset.map_prod])
--------------------------------------------------------------------------------

Error details:
--------------------------------------------------------------------------------
Original aesop error:
tactic 'aesop' failed, made no progress
Initial goal:
  R : Type u_1
  S : Type u_2
  inst✝¹ : CommSemiring R
  inst✝ : CommSemiring S
  f : R →+* S
  s : Multiset R[X]
  x : S
  ⊢ eval₂ f x s.prod = (Multiset.map (eval₂ f x) s).prod

All 3 LLM versions failed after 6 total attempts
--------------------------------------------------------------------------------

~~~~~~~~~~~~~~~~~~~~~~~~~~~~~~~~~~~~~~~~~~~~~~~~~~~~~~~~~~~~~~~~~~~~~~~~~~~~~~~~
DETAILED VERSION ATTEMPTS (3 versions):
~~~~~~~~~~~~~~~~~~~~~~~~~~~~~~~~~~~~~~~~~~~~~~~~~~~~~~~~~~~~~~~~~~~~~~~~~~~~~~~~

  Version 1 (2 attempts):
  Final output: theorem eval₂_multiset_prod_test (s : Multiset R[X]) (x : S) :
    eval₂ f x s.prod = (s.map (eval₂ f x)).prod := by
  aesop (add norm [eval₂RingHom, Multiset.map_prod])

  Final error: aesop: Unable to interpret 'Multiset.map_prod' as a norm rule. Try specifying a builder.
  Retry history:
    Retry 1:
      Attempt: theorem eval₂_multiset_prod_test (s : Multiset R[X]) (x : S) :
    eval₂ f x s.prod = (s.map (eval₂ f x)).prod := by
  aesop (add norm [map_multiset_p...
      Error: tactic 'aesop' failed, made no progress
Initial goal:
  R : Type u_1
  S : Type u_2
  inst✝¹ : CommSemiring R
  inst✝ : CommSemiring S
  f : R →+* S
  s : Multiset R[X]
  x : S
  ⊢ eval₂ f x s.prod = ...
    Retry 2:
      Attempt: theorem eval₂_multiset_prod_test (s : Multiset R[X]) (x : S) :
    eval₂ f x s.prod = (s.map (eval₂ f x)).prod := by
  aesop (add norm [eval₂RingHom, ...
      Error: aesop: Unable to interpret 'Multiset.map_prod' as a norm rule. Try specifying a builder.

  Version 2 (2 attempts):
  Final output: theorem eval₂_multiset_prod_test (s : Multiset R[X]) (x : S) :
    eval₂ f x s.prod = (s.map (eval₂ f x)).prod := by
  aesop (add norm [eval₂RingHom, Multiset.map_prod])

  Final error: aesop: Unable to interpret 'Multiset.map_prod' as a norm rule. Try specifying a builder.
  Retry history:
    Retry 1:
      Attempt: theorem eval₂_multiset_prod_test (s : Multiset R[X]) (x : S) :
    eval₂ f x s.prod = (s.map (eval₂ f x)).prod := by
  aesop (add norm [map_multiset_p...
      Error: tactic 'aesop' failed, made no progress
Initial goal:
  R : Type u_1
  S : Type u_2
  inst✝¹ : CommSemiring R
  inst✝ : CommSemiring S
  f : R →+* S
  s : Multiset R[X]
  x : S
  ⊢ eval₂ f x s.prod = ...
    Retry 2:
      Attempt: theorem eval₂_multiset_prod_test (s : Multiset R[X]) (x : S) :
    eval₂ f x s.prod = (s.map (eval₂ f x)).prod := by
  aesop (add norm [eval₂RingHom, ...
      Error: aesop: Unable to interpret 'Multiset.map_prod' as a norm rule. Try specifying a builder.

  Version 3 (2 attempts):
  Final output: theorem eval₂_multiset_prod_test (s : Multiset R[X]) (x : S) :
    eval₂ f x s.prod = (s.map (eval₂ f x)).prod := by
  aesop (add norm [eval₂RingHom, Multiset.map_prod])

  Final error: aesop: Unable to interpret 'Multiset.map_prod' as a norm rule. Try specifying a builder.
  Retry history:
    Retry 1:
      Attempt: theorem eval₂_multiset_prod_test (s : Multiset R[X]) (x : S) :
    eval₂ f x s.prod = (s.map (eval₂ f x)).prod := by
  aesop (add norm [map_multiset_p...
      Error: tactic 'aesop' failed, made no progress
Initial goal:
  R : Type u_1
  S : Type u_2
  inst✝¹ : CommSemiring R
  inst✝ : CommSemiring S
  f : R →+* S
  s : Multiset R[X]
  x : S
  ⊢ eval₂ f x s.prod = ...
    Retry 2:
      Attempt: theorem eval₂_multiset_prod_test (s : Multiset R[X]) (x : S) :
    eval₂ f x s.prod = (s.map (eval₂ f x)).prod := by
  aesop (add norm [eval₂RingHom, ...
      Error: aesop: Unable to interpret 'Multiset.map_prod' as a norm rule. Try specifying a builder.

--------------------------------------------------------------------------------
FAILURE: eval₂_finset_prod
--------------------------------------------------------------------------------
Line number: 663
Has @[simp]: False
Failure reason: all_versions_failed
Classification: syntax_error: Aesop syntax error - fixable
Context: commsemiring_r

Original theorem signature:
--------------------------------------------------------------------------------
theorem eval₂_finset_prod (s : Finset ι) (g : ι → R[X]) (x : S) :
    (∏ i ∈ s, g i).eval₂ f x = ∏ i ∈ s, (g i).eval₂ f x
--------------------------------------------------------------------------------

LLM suggested proof (final):
--------------------------------------------------------------------------------
theorem eval₂_finset_prod_test (s : Finset ι) (g : ι → R[X]) (x : S) :
    (∏ i ∈ s, g i).eval₂ f x = ∏ i ∈ s, (g i).eval₂ f x := by
  aesop (add norm [eval₂RingHom, RingHom.map_prod])
--------------------------------------------------------------------------------

Error details:
--------------------------------------------------------------------------------
Original aesop error:
tactic 'aesop' failed, made no progress
Initial goal:
  R : Type u_1
  S : Type u_2
  ι : Type u_4
  inst✝¹ : CommSemiring R
  inst✝ : CommSemiring S
  f : R →+* S
  s : Finset ι
  g : ι → R[X]
  x : S
  ⊢ eval₂ f x (∏ i ∈ s, g i) = ∏ i ∈ s, eval₂ f x (g i)

All 3 LLM versions failed after 6 total attempts
--------------------------------------------------------------------------------

~~~~~~~~~~~~~~~~~~~~~~~~~~~~~~~~~~~~~~~~~~~~~~~~~~~~~~~~~~~~~~~~~~~~~~~~~~~~~~~~
DETAILED VERSION ATTEMPTS (3 versions):
~~~~~~~~~~~~~~~~~~~~~~~~~~~~~~~~~~~~~~~~~~~~~~~~~~~~~~~~~~~~~~~~~~~~~~~~~~~~~~~~

  Version 1 (2 attempts):
  Final output: theorem eval₂_finset_prod_test (s : Finset ι) (g : ι → R[X]) (x : S) :
    (∏ i ∈ s, g i).eval₂ f x = ∏ i ∈ s, (g i).eval₂ f x := by
  aesop (add norm [eval₂RingHom, RingHom.map_prod])

  Final error: aesop: Unable to interpret 'RingHom.map_prod' as a norm rule. Try specifying a builder.
  Retry history:
    Retry 1:
      Attempt: theorem eval₂_finset_prod_test (s : Finset ι) (g : ι → R[X]) (x : S) :
    (∏ i ∈ s, g i).eval₂ f x = ∏ i ∈ s, (g i).eval₂ f x := by
  aesop (add norm...
      Error: tactic 'aesop' failed, made no progress
Initial goal:
  R : Type u_1
  S : Type u_2
  ι : Type u_4
  inst✝¹ : CommSemiring R
  inst✝ : CommSemiring S
  f : R →+* S
  s : Finset ι
  g : ι → R[X]
  x : ...
    Retry 2:
      Attempt: theorem eval₂_finset_prod_test (s : Finset ι) (g : ι → R[X]) (x : S) :
    (∏ i ∈ s, g i).eval₂ f x = ∏ i ∈ s, (g i).eval₂ f x := by
  aesop (add norm...
      Error: aesop: Unable to interpret 'RingHom.map_prod' as a norm rule. Try specifying a builder.

  Version 2 (2 attempts):
  Final output: theorem eval₂_finset_prod_test (s : Finset ι) (g : ι → R[X]) (x : S) :
    (∏ i ∈ s, g i).eval₂ f x = ∏ i ∈ s, (g i).eval₂ f x := by
  aesop (add norm [eval₂RingHom, RingHom.map_prod])

  Final error: aesop: Unable to interpret 'RingHom.map_prod' as a norm rule. Try specifying a builder.
  Retry history:
    Retry 1:
      Attempt: theorem eval₂_finset_prod_test (s : Finset ι) (g : ι → R[X]) (x : S) :
    (∏ i ∈ s, g i).eval₂ f x = ∏ i ∈ s, (g i).eval₂ f x := by
  aesop (add norm...
      Error: tactic 'aesop' failed, made no progress
Initial goal:
  R : Type u_1
  S : Type u_2
  ι : Type u_4
  inst✝¹ : CommSemiring R
  inst✝ : CommSemiring S
  f : R →+* S
  s : Finset ι
  g : ι → R[X]
  x : ...
    Retry 2:
      Attempt: theorem eval₂_finset_prod_test (s : Finset ι) (g : ι → R[X]) (x : S) :
    (∏ i ∈ s, g i).eval₂ f x = ∏ i ∈ s, (g i).eval₂ f x := by
  aesop (add norm...
      Error: aesop: Unable to interpret 'RingHom.map_prod' as a norm rule. Try specifying a builder.

  Version 3 (2 attempts):
  Final output: theorem eval₂_finset_prod_test (s : Finset ι) (g : ι → R[X]) (x : S) :
    (∏ i ∈ s, g i).eval₂ f x = ∏ i ∈ s, (g i).eval₂ f x := by
  aesop (add norm [eval₂RingHom, RingHom.map_prod])

  Final error: aesop: Unable to interpret 'RingHom.map_prod' as a norm rule. Try specifying a builder.
  Retry history:
    Retry 1:
      Attempt: theorem eval₂_finset_prod_test (s : Finset ι) (g : ι → R[X]) (x : S) :
    (∏ i ∈ s, g i).eval₂ f x = ∏ i ∈ s, (g i).eval₂ f x := by
  aesop (add norm...
      Error: tactic 'aesop' failed, made no progress
Initial goal:
  R : Type u_1
  S : Type u_2
  ι : Type u_4
  inst✝¹ : CommSemiring R
  inst✝ : CommSemiring S
  f : R →+* S
  s : Finset ι
  g : ι → R[X]
  x : ...
    Retry 2:
      Attempt: theorem eval₂_finset_prod_test (s : Finset ι) (g : ι → R[X]) (x : S) :
    (∏ i ∈ s, g i).eval₂ f x = ∏ i ∈ s, (g i).eval₂ f x := by
  aesop (add norm...
      Error: aesop: Unable to interpret 'RingHom.map_prod' as a norm rule. Try specifying a builder.


================================================================================
CATEGORY: PARTIAL_PROGRESS
================================================================================

--------------------------------------------------------------------------------
FAILURE: eval₂_mul_noncomm
--------------------------------------------------------------------------------
Line number: 159
Has @[simp]: False
Failure reason: all_versions_failed
Classification: partial_progress: Aesop made partial progress - needs more lemma hints
Context: semiring_s

Original theorem signature:
--------------------------------------------------------------------------------
theorem eval₂_mul_noncomm (hf : ∀ k, Commute (f <| q.coeff k) x) :
    eval₂ f x (p * q) = eval₂ f x p * eval₂ f x q
--------------------------------------------------------------------------------

LLM suggested proof (final):
--------------------------------------------------------------------------------
theorem eval₂_mul_noncomm_test (hf : ∀ k, Commute (f <| q.coeff k) x) :
    eval₂ f x (p * q) = eval₂ f x p * eval₂ f x q := by
  aesop (add norm [eval₂_ofFinsupp, coeff, ofFinsupp_mul])
--------------------------------------------------------------------------------

Error details:
--------------------------------------------------------------------------------
Original aesop error:
tactic 'aesop' failed, made no progress
Initial goal:
  R : Type u_1
  S : Type u_2
  inst✝¹ : Semiring R
  p q : R[X]
  inst✝ : Semiring S
  f : R →+* S
  x : S
  hf : ∀ (k : ℕ), Commute (f (q.coeff k)) x
  ⊢ eval₂ f x (p * q) = eval₂ f x p * eval₂ f x q

All 3 LLM versions failed after 6 total attempts
--------------------------------------------------------------------------------

~~~~~~~~~~~~~~~~~~~~~~~~~~~~~~~~~~~~~~~~~~~~~~~~~~~~~~~~~~~~~~~~~~~~~~~~~~~~~~~~
DETAILED VERSION ATTEMPTS (3 versions):
~~~~~~~~~~~~~~~~~~~~~~~~~~~~~~~~~~~~~~~~~~~~~~~~~~~~~~~~~~~~~~~~~~~~~~~~~~~~~~~~

  Version 1 (2 attempts):
  Final output: theorem eval₂_mul_noncomm_test (hf : ∀ k, Commute (f <| q.coeff k) x) :
    eval₂ f x (p * q) = eval₂ f x p * eval₂ f x q := by
  aesop (add norm [eval₂_ofFinsupp, coeff, ofFinsupp_mul])

  Final error: unsolved goals
R : Type u_1
S : Type u_2
inst : Semiring R
p q : R[X]
inst_1 : Semiring S
f : R →+* S
x : S
hf : ∀ (k : ℕ), Commute (f (q.toFinsupp k)) x
⊢ eval₂ f x (p * q) = eval₂ f x p * eval₂ f x q
  Retry history:
    Retry 1:
      Attempt: theorem eval₂_mul_noncomm_test (hf : ∀ k, Commute (f <| q.coeff k) x) :
    eval₂ f x (p * q) = eval₂ f x p * eval₂ f x q := by
  aesop (add norm [eva...
      Error: tactic 'aesop' failed, made no progress
Initial goal:
  R : Type u_1
  S : Type u_2
  inst✝¹ : Semiring R
  p q : R[X]
  inst✝ : Semiring S
  f : R →+* S
  x : S
  hf : ∀ (k : ℕ), Commute (f (q.coeff ...
    Retry 2:
      Attempt: theorem eval₂_mul_noncomm_test (hf : ∀ k, Commute (f <| q.coeff k) x) :
    eval₂ f x (p * q) = eval₂ f x p * eval₂ f x q := by
  aesop (add norm [eva...
      Error: unsolved goals
R : Type u_1
S : Type u_2
inst : Semiring R
p q : R[X]
inst_1 : Semiring S
f : R →+* S
x : S
hf : ∀ (k : ℕ), Commute (f (q.toFinsupp k)) x
⊢ eval₂ f x (p * q) = eval₂ f x p * eval₂ f x ...

  Version 2 (2 attempts):
  Final output: theorem eval₂_mul_noncomm_test (hf : ∀ k, Commute (f <| q.coeff k) x) :
    eval₂ f x (p * q) = eval₂ f x p * eval₂ f x q := by
  aesop (add norm [eval₂_ofFinsupp, coeff, ofFinsupp_mul])

  Final error: unsolved goals
R : Type u_1
S : Type u_2
inst : Semiring R
p q : R[X]
inst_1 : Semiring S
f : R →+* S
x : S
hf : ∀ (k : ℕ), Commute (f (q.toFinsupp k)) x
⊢ eval₂ f x (p * q) = eval₂ f x p * eval₂ f x q
  Retry history:
    Retry 1:
      Attempt: theorem eval₂_mul_noncomm_test (hf : ∀ k, Commute (f <| q.coeff k) x) :
    eval₂ f x (p * q) = eval₂ f x p * eval₂ f x q := by
  aesop (add norm [eva...
      Error: tactic 'aesop' failed, made no progress
Initial goal:
  R : Type u_1
  S : Type u_2
  inst✝¹ : Semiring R
  p q : R[X]
  inst✝ : Semiring S
  f : R →+* S
  x : S
  hf : ∀ (k : ℕ), Commute (f (q.coeff ...
    Retry 2:
      Attempt: theorem eval₂_mul_noncomm_test (hf : ∀ k, Commute (f <| q.coeff k) x) :
    eval₂ f x (p * q) = eval₂ f x p * eval₂ f x q := by
  aesop (add norm [eva...
      Error: unsolved goals
R : Type u_1
S : Type u_2
inst : Semiring R
p q : R[X]
inst_1 : Semiring S
f : R →+* S
x : S
hf : ∀ (k : ℕ), Commute (f (q.toFinsupp k)) x
⊢ eval₂ f x (p * q) = eval₂ f x p * eval₂ f x ...

  Version 3 (2 attempts):
  Final output: theorem eval₂_mul_noncomm_test (hf : ∀ k, Commute (f <| q.coeff k) x) :
    eval₂ f x (p * q) = eval₂ f x p * eval₂ f x q := by
  aesop (add norm [eval₂_ofFinsupp, coeff, ofFinsupp_mul, liftNC_mul])

  Final error: unsolved goals
R : Type u_1
S : Type u_2
inst : Semiring R
p q : R[X]
inst_1 : Semiring S
f : R →+* S
x : S
hf : ∀ (k : ℕ), Commute (f (q.toFinsupp k)) x
⊢ eval₂ f x (p * q) = eval₂ f x p * eval₂ f x q
  Retry history:
    Retry 1:
      Attempt: theorem eval₂_mul_noncomm_test (hf : ∀ k, Commute (f <| q.coeff k) x) :
    eval₂ f x (p * q) = eval₂ f x p * eval₂ f x q := by
  aesop (add norm [eva...
      Error: tactic 'aesop' failed, made no progress
Initial goal:
  R : Type u_1
  S : Type u_2
  inst✝¹ : Semiring R
  p q : R[X]
  inst✝ : Semiring S
  f : R →+* S
  x : S
  hf : ∀ (k : ℕ), Commute (f (q.coeff ...
    Retry 2:
      Attempt: theorem eval₂_mul_noncomm_test (hf : ∀ k, Commute (f <| q.coeff k) x) :
    eval₂ f x (p * q) = eval₂ f x p * eval₂ f x q := by
  aesop (add norm [eva...
      Error: unsolved goals
R : Type u_1
S : Type u_2
inst : Semiring R
p q : R[X]
inst_1 : Semiring S
f : R →+* S
x : S
hf : ∀ (k : ℕ), Commute (f (q.toFinsupp k)) x
⊢ eval₂ f x (p * q) = eval₂ f x p * eval₂ f x ...

--------------------------------------------------------------------------------
FAILURE: eval₂_dvd
--------------------------------------------------------------------------------
Line number: 242
Has @[simp]: False
Failure reason: all_versions_failed
Classification: partial_progress: Aesop made partial progress - needs more lemma hints
Context: commsemiring_s

Original theorem signature:
--------------------------------------------------------------------------------
@[gcongr]
theorem eval₂_dvd : p ∣ q → eval₂ f x p ∣ eval₂ f x q
--------------------------------------------------------------------------------

LLM suggested proof (final):
--------------------------------------------------------------------------------
@[gcongr]
theorem eval₂_dvd_test : p ∣ q → eval₂ f x p ∣ eval₂ f x q := by
  aesop (add norm [coe_eval₂RingHom, RingHom.map_dvd])
--------------------------------------------------------------------------------

Error details:
--------------------------------------------------------------------------------
Original aesop error:
unsolved goals
R : Type u_1
S : Type u_2
inst : Semiring R
p q : R[X]
inst_1 : CommSemiring S
f : R →+* S
x : S
a : p ∣ q
⊢ eval₂ f x p ∣ eval₂ f x q

All 3 LLM versions failed after 6 total attempts
--------------------------------------------------------------------------------

~~~~~~~~~~~~~~~~~~~~~~~~~~~~~~~~~~~~~~~~~~~~~~~~~~~~~~~~~~~~~~~~~~~~~~~~~~~~~~~~
DETAILED VERSION ATTEMPTS (3 versions):
~~~~~~~~~~~~~~~~~~~~~~~~~~~~~~~~~~~~~~~~~~~~~~~~~~~~~~~~~~~~~~~~~~~~~~~~~~~~~~~~

  Version 1 (2 attempts):
  Final output: @[gcongr]
theorem eval₂_dvd_test : p ∣ q → eval₂ f x p ∣ eval₂ f x q := by
  aesop (add norm [coe_eval₂RingHom, RingHom.map_dvd])

  Final error: unsolved goals
R : Type u_1
S : Type u_2
inst : Semiring R
p q : R[X]
inst_1 : CommSemiring S
f : R →+* S
x : S
a : p ∣ q
⊢ eval₂ f x p ∣ eval₂ f x q
  Retry history:
    Retry 1:
      Attempt: @[gcongr]
theorem eval₂_dvd_test : p ∣ q → eval₂ f x p ∣ eval₂ f x q := by
  aesop (add norm coe_eval₂RingHom)
      Error: unsolved goals
R : Type u_1
S : Type u_2
inst : Semiring R
p q : R[X]
inst_1 : CommSemiring S
f : R →+* S
x : S
a : p ∣ q
⊢ eval₂ f x p ∣ eval₂ f x q
    Retry 2:
      Attempt: @[gcongr]
theorem eval₂_dvd_test : p ∣ q → eval₂ f x p ∣ eval₂ f x q := by
  aesop (add norm [coe_eval₂RingHom, RingHom.map_dvd])
      Error: unsolved goals
R : Type u_1
S : Type u_2
inst : Semiring R
p q : R[X]
inst_1 : CommSemiring S
f : R →+* S
x : S
a : p ∣ q
⊢ eval₂ f x p ∣ eval₂ f x q

  Version 2 (2 attempts):
  Final output: @[gcongr]
theorem eval₂_dvd_test : p ∣ q → eval₂ f x p ∣ eval₂ f x q := by
  aesop (add norm [coe_eval₂RingHom, map_dvd])

  Final error: unsolved goals
R : Type u_1
S : Type u_2
inst : Semiring R
p q : R[X]
inst_1 : CommSemiring S
f : R →+* S
x : S
a : p ∣ q
⊢ eval₂ f x p ∣ eval₂ f x q
  Retry history:
    Retry 1:
      Attempt: @[gcongr]
theorem eval₂_dvd_test : p ∣ q → eval₂ f x p ∣ eval₂ f x q := by
  aesop (add norm coe_eval₂RingHom)
      Error: unsolved goals
R : Type u_1
S : Type u_2
inst : Semiring R
p q : R[X]
inst_1 : CommSemiring S
f : R →+* S
x : S
a : p ∣ q
⊢ eval₂ f x p ∣ eval₂ f x q
    Retry 2:
      Attempt: @[gcongr]
theorem eval₂_dvd_test : p ∣ q → eval₂ f x p ∣ eval₂ f x q := by
  aesop (add norm [coe_eval₂RingHom, map_dvd])
      Error: unsolved goals
R : Type u_1
S : Type u_2
inst : Semiring R
p q : R[X]
inst_1 : CommSemiring S
f : R →+* S
x : S
a : p ∣ q
⊢ eval₂ f x p ∣ eval₂ f x q

  Version 3 (2 attempts):
  Final output: @[gcongr]
theorem eval₂_dvd_test : p ∣ q → eval₂ f x p ∣ eval₂ f x q := by
  aesop (add norm [coe_eval₂RingHom, RingHom.map_dvd])

  Final error: unsolved goals
R : Type u_1
S : Type u_2
inst : Semiring R
p q : R[X]
inst_1 : CommSemiring S
f : R →+* S
x : S
a : p ∣ q
⊢ eval₂ f x p ∣ eval₂ f x q
  Retry history:
    Retry 1:
      Attempt: @[gcongr]
theorem eval₂_dvd_test : p ∣ q → eval₂ f x p ∣ eval₂ f x q := by
  aesop (add norm coe_eval₂RingHom)
      Error: unsolved goals
R : Type u_1
S : Type u_2
inst : Semiring R
p q : R[X]
inst_1 : CommSemiring S
f : R →+* S
x : S
a : p ∣ q
⊢ eval₂ f x p ∣ eval₂ f x q
    Retry 2:
      Attempt: @[gcongr]
theorem eval₂_dvd_test : p ∣ q → eval₂ f x p ∣ eval₂ f x q := by
  aesop (add norm [coe_eval₂RingHom, RingHom.map_dvd])
      Error: unsolved goals
R : Type u_1
S : Type u_2
inst : Semiring R
p q : R[X]
inst_1 : CommSemiring S
f : R →+* S
x : S
a : p ∣ q
⊢ eval₂ f x p ∣ eval₂ f x q

--------------------------------------------------------------------------------
FAILURE: mul_X_add_natCast_comp
--------------------------------------------------------------------------------
Line number: 463
Has @[simp]: False
Failure reason: all_versions_failed
Classification: partial_progress: Aesop made partial progress - needs more lemma hints
Context: eval_r

Original theorem signature:
--------------------------------------------------------------------------------
theorem mul_X_add_natCast_comp {n : Nat} :
    (p * (X + (n : R[X]))).comp q = p.comp q * (q + n)
--------------------------------------------------------------------------------

LLM suggested proof (final):
--------------------------------------------------------------------------------
theorem mul_X_add_natCast_comp_test {n : Nat} :
    (p * (X + (n : R[X]))).comp q = p.comp q * (q + n) := by
  aesop (add norm [mul_add, add_comp, mul_X_comp, natCast_mul_comp, mul_add, natCast_comp])
--------------------------------------------------------------------------------

Error details:
--------------------------------------------------------------------------------
Original aesop error:
tactic 'aesop' failed, made no progress
Initial goal:
  R : Type u_1
  inst✝ : Semiring R
  p q : R[X]
  n : ℕ
  ⊢ (p * (X + ↑n)).comp q = p.comp q * (q + ↑n)

All 3 LLM versions failed after 6 total attempts
--------------------------------------------------------------------------------

~~~~~~~~~~~~~~~~~~~~~~~~~~~~~~~~~~~~~~~~~~~~~~~~~~~~~~~~~~~~~~~~~~~~~~~~~~~~~~~~
DETAILED VERSION ATTEMPTS (3 versions):
~~~~~~~~~~~~~~~~~~~~~~~~~~~~~~~~~~~~~~~~~~~~~~~~~~~~~~~~~~~~~~~~~~~~~~~~~~~~~~~~

  Version 1 (2 attempts):
  Final output: theorem mul_X_add_natCast_comp_test {n : Nat} :
    (p * (X + (n : R[X]))).comp q = p.comp q * (q + n) := by
  aesop (add norm [mul_add, add_comp, mul_X_comp, natCast_mul_comp, mul_add, natCast_comp])

  Final error: unsolved goals
R : Type u_1
inst : Semiring R
p q : R[X]
n : ℕ
⊢ p.comp q * q + (p * ↑n).comp q = p.comp q * q + p.comp q * ↑n
  Retry history:
    Retry 1:
      Attempt: theorem mul_X_add_natCast_comp_test {n : Nat} :
    (p * (X + (n : R[X]))).comp q = p.comp q * (q + n) := by
  aesop (add norm [mul_add, add_comp, mul...
      Error: unsolved goals
R : Type u_1
inst : Semiring R
p q : R[X]
n : ℕ
⊢ p.comp q * q + (p * ↑n).comp q = p.comp q * q + p.comp q * ↑n
    Retry 2:
      Attempt: theorem mul_X_add_natCast_comp_test {n : Nat} :
    (p * (X + (n : R[X]))).comp q = p.comp q * (q + n) := by
  aesop (add norm [mul_add, add_comp, mul...
      Error: unsolved goals
R : Type u_1
inst : Semiring R
p q : R[X]
n : ℕ
⊢ p.comp q * q + (p * ↑n).comp q = p.comp q * q + p.comp q * ↑n

  Version 2 (2 attempts):
  Final output: theorem mul_X_add_natCast_comp_test {n : Nat} :
    (p * (X + (n : R[X]))).comp q = p.comp q * (q + n) := by
  aesop (add norm [mul_add, add_comp, mul_X_comp, natCast_mul_comp, mul_add, natCast_comp])...

  Final error: unsolved goals
R : Type u_1
inst : Semiring R
p q : R[X]
n : ℕ
⊢ p.comp q * q + (p * ↑n).comp q = p.comp q * q + p.comp q * ↑n
  Retry history:
    Retry 1:
      Attempt: theorem mul_X_add_natCast_comp_test {n : Nat} :
    (p * (X + (n : R[X]))).comp q = p.comp q * (q + n) := by
  aesop (add norm [mul_add, add_comp, mul...
      Error: unsolved goals
R : Type u_1
inst : Semiring R
p q : R[X]
n : ℕ
⊢ p.comp q * q + (p * ↑n).comp q = p.comp q * q + p.comp q * ↑n
    Retry 2:
      Attempt: theorem mul_X_add_natCast_comp_test {n : Nat} :
    (p * (X + (n : R[X]))).comp q = p.comp q * (q + n) := by
  aesop (add norm [mul_add, add_comp, mul...
      Error: unsolved goals
R : Type u_1
inst : Semiring R
p q : R[X]
n : ℕ
⊢ p.comp q * q + (p * ↑n).comp q = p.comp q * q + p.comp q * ↑n

  Version 3 (2 attempts):
  Final output: theorem mul_X_add_natCast_comp_test {n : Nat} :
    (p * (X + (n : R[X]))).comp q = p.comp q * (q + n) := by
  aesop (add norm [mul_add, add_comp, mul_X_comp, natCast_mul_comp, mul_add, natCast_comp])

  Final error: unsolved goals
R : Type u_1
inst : Semiring R
p q : R[X]
n : ℕ
⊢ p.comp q * q + (p * ↑n).comp q = p.comp q * q + p.comp q * ↑n
  Retry history:
    Retry 1:
      Attempt: theorem mul_X_add_natCast_comp_test {n : Nat} :
    (p * (X + (n : R[X]))).comp q = p.comp q * (q + n) := by
  aesop (add norm [mul_add, add_comp, mul...
      Error: unsolved goals
R : Type u_1
inst : Semiring R
p q : R[X]
n : ℕ
⊢ p.comp q * q + (p * ↑n).comp q = p.comp q * q + p.comp q * ↑n
    Retry 2:
      Attempt: theorem mul_X_add_natCast_comp_test {n : Nat} :
    (p * (X + (n : R[X]))).comp q = p.comp q * (q + n) := by
  aesop (add norm [mul_add, add_comp, mul...
      Error: unsolved goals
R : Type u_1
inst : Semiring R
p q : R[X]
n : ℕ
⊢ p.comp q * q + (p * ↑n).comp q = p.comp q * q + p.comp q * ↑n

--------------------------------------------------------------------------------
FAILURE: map_dvd
--------------------------------------------------------------------------------
Line number: 562
Has @[simp]: False
Failure reason: all_versions_failed
Classification: partial_progress: Aesop made partial progress - needs more lemma hints
Context: map_section

Original theorem signature:
--------------------------------------------------------------------------------
theorem map_dvd (f : R →+* S) {x y : R[X]} : x ∣ y → x.map f ∣ y.map f
--------------------------------------------------------------------------------

LLM suggested proof (final):
--------------------------------------------------------------------------------
theorem map_dvd_test (f : R →+* S) {x y : R[X]} : x ∣ y → x.map f ∣ y.map f := by
  aesop (add norm [mapRingHom, RingHom.map_dvd])
--------------------------------------------------------------------------------

Error details:
--------------------------------------------------------------------------------
Original aesop error:
unsolved goals
R : Type u_1
S : Type u_2
inst : Semiring R
inst_1 : Semiring S
f : R →+* S
x y : R[X]
a : x ∣ y
⊢ map f x ∣ map f y

All 3 LLM versions failed after 6 total attempts
--------------------------------------------------------------------------------

~~~~~~~~~~~~~~~~~~~~~~~~~~~~~~~~~~~~~~~~~~~~~~~~~~~~~~~~~~~~~~~~~~~~~~~~~~~~~~~~
DETAILED VERSION ATTEMPTS (3 versions):
~~~~~~~~~~~~~~~~~~~~~~~~~~~~~~~~~~~~~~~~~~~~~~~~~~~~~~~~~~~~~~~~~~~~~~~~~~~~~~~~

  Version 1 (2 attempts):
  Final output: theorem map_dvd_test (f : R →+* S) {x y : R[X]} : x ∣ y → x.map f ∣ y.map f := by
  aesop (add norm [mapRingHom, RingHom.map_dvd])

  Final error: unsolved goals
R : Type u_1
S : Type u_2
inst : Semiring R
inst_1 : Semiring S
f : R →+* S
x y : R[X]
a : x ∣ y
⊢ map f x ∣ map f y
  Retry history:
    Retry 1:
      Attempt: theorem map_dvd_test (f : R →+* S) {x y : R[X]} : x ∣ y → x.map f ∣ y.map f := by
  aesop (add norm mapRingHom)
      Error: unsolved goals
R : Type u_1
S : Type u_2
inst : Semiring R
inst_1 : Semiring S
f : R →+* S
x y : R[X]
a : x ∣ y
⊢ map f x ∣ map f y
    Retry 2:
      Attempt: theorem map_dvd_test (f : R →+* S) {x y : R[X]} : x ∣ y → x.map f ∣ y.map f := by
  aesop (add norm [mapRingHom, RingHom.map_dvd])
      Error: unsolved goals
R : Type u_1
S : Type u_2
inst : Semiring R
inst_1 : Semiring S
f : R →+* S
x y : R[X]
a : x ∣ y
⊢ map f x ∣ map f y

  Version 2 (2 attempts):
  Final output: theorem map_dvd_test (f : R →+* S) {x y : R[X]} : x ∣ y → x.map f ∣ y.map f := by
  aesop (add norm [mapRingHom, RingHom.map_dvd])

  Final error: unsolved goals
R : Type u_1
S : Type u_2
inst : Semiring R
inst_1 : Semiring S
f : R →+* S
x y : R[X]
a : x ∣ y
⊢ map f x ∣ map f y
  Retry history:
    Retry 1:
      Attempt: theorem map_dvd_test (f : R →+* S) {x y : R[X]} : x ∣ y → x.map f ∣ y.map f := by
  aesop (add norm mapRingHom)
      Error: unsolved goals
R : Type u_1
S : Type u_2
inst : Semiring R
inst_1 : Semiring S
f : R →+* S
x y : R[X]
a : x ∣ y
⊢ map f x ∣ map f y
    Retry 2:
      Attempt: theorem map_dvd_test (f : R →+* S) {x y : R[X]} : x ∣ y → x.map f ∣ y.map f := by
  aesop (add norm [mapRingHom, RingHom.map_dvd])
      Error: unsolved goals
R : Type u_1
S : Type u_2
inst : Semiring R
inst_1 : Semiring S
f : R →+* S
x y : R[X]
a : x ∣ y
⊢ map f x ∣ map f y

  Version 3 (2 attempts):
  Final output: theorem map_dvd_test (f : R →+* S) {x y : R[X]} : x ∣ y → x.map f ∣ y.map f := by
  aesop (add norm [mapRingHom, RingHom.map_dvd])

  Final error: unsolved goals
R : Type u_1
S : Type u_2
inst : Semiring R
inst_1 : Semiring S
f : R →+* S
x y : R[X]
a : x ∣ y
⊢ map f x ∣ map f y
  Retry history:
    Retry 1:
      Attempt: theorem map_dvd_test (f : R →+* S) {x y : R[X]} : x ∣ y → x.map f ∣ y.map f := by
  aesop (add norm mapRingHom)
      Error: unsolved goals
R : Type u_1
S : Type u_2
inst : Semiring R
inst_1 : Semiring S
f : R →+* S
x y : R[X]
a : x ∣ y
⊢ map f x ∣ map f y
    Retry 2:
      Attempt: theorem map_dvd_test (f : R →+* S) {x y : R[X]} : x ∣ y → x.map f ∣ y.map f := by
  aesop (add norm [mapRingHom, RingHom.map_dvd])
      Error: unsolved goals
R : Type u_1
S : Type u_2
inst : Semiring R
inst_1 : Semiring S
f : R →+* S
x y : R[X]
a : x ∣ y
⊢ map f x ∣ map f y

--------------------------------------------------------------------------------
FAILURE: associated_map_map
--------------------------------------------------------------------------------
Line number: 565
Has @[simp]: False
Failure reason: all_versions_failed
Classification: partial_progress: Aesop made partial progress - needs more lemma hints
Context: map_section

Original theorem signature:
--------------------------------------------------------------------------------
lemma associated_map_map (f : R →+* S) {x y : R[X]} :
    Associated x y → Associated (x.map f) (y.map f)
--------------------------------------------------------------------------------

LLM suggested proof (final):
--------------------------------------------------------------------------------
lemma associated_map_map_test (f : R →+* S) {x y : R[X]} :
    Associated x y → Associated (x.map f) (y.map f) := by
  aesop (add norm [Associated.map, mapRingHom])
--------------------------------------------------------------------------------

Error details:
--------------------------------------------------------------------------------
Original aesop error:
unsolved goals
R : Type u_1
S : Type u_2
inst : Semiring R
inst_1 : Semiring S
f : R →+* S
x y : R[X]
a : Associated x y
⊢ Associated (map f x) (map f y)

All 3 LLM versions failed after 6 total attempts
--------------------------------------------------------------------------------

~~~~~~~~~~~~~~~~~~~~~~~~~~~~~~~~~~~~~~~~~~~~~~~~~~~~~~~~~~~~~~~~~~~~~~~~~~~~~~~~
DETAILED VERSION ATTEMPTS (3 versions):
~~~~~~~~~~~~~~~~~~~~~~~~~~~~~~~~~~~~~~~~~~~~~~~~~~~~~~~~~~~~~~~~~~~~~~~~~~~~~~~~

  Version 1 (2 attempts):
  Final output: lemma associated_map_map_test (f : R →+* S) {x y : R[X]} :
    Associated x y → Associated (x.map f) (y.map f) := by
  aesop (add norm [Associated.map, mapRingHom])

  Final error: unsolved goals
R : Type u_1
S : Type u_2
inst : Semiring R
inst_1 : Semiring S
f : R →+* S
x y : R[X]
a : Associated x y
⊢ Associated (map f x) (map f y)
  Retry history:
    Retry 1:
      Attempt: lemma associated_map_map_test (f : R →+* S) {x y : R[X]} :
    Associated x y → Associated (x.map f) (y.map f) := by
  aesop (add norm mapRingHom)
      Error: unsolved goals
R : Type u_1
S : Type u_2
inst : Semiring R
inst_1 : Semiring S
f : R →+* S
x y : R[X]
a : Associated x y
⊢ Associated (map f x) (map f y)
    Retry 2:
      Attempt: lemma associated_map_map_test (f : R →+* S) {x y : R[X]} :
    Associated x y → Associated (x.map f) (y.map f) := by
  aesop (add norm [Associated.map...
      Error: unsolved goals
R : Type u_1
S : Type u_2
inst : Semiring R
inst_1 : Semiring S
f : R →+* S
x y : R[X]
a : Associated x y
⊢ Associated (map f x) (map f y)

  Version 2 (2 attempts):
  Final output: lemma associated_map_map_test (f : R →+* S) {x y : R[X]} :
    Associated x y → Associated (x.map f) (y.map f) := by
  aesop (add norm [Associated.map, mapRingHom])

  Final error: unsolved goals
R : Type u_1
S : Type u_2
inst : Semiring R
inst_1 : Semiring S
f : R →+* S
x y : R[X]
a : Associated x y
⊢ Associated (map f x) (map f y)
  Retry history:
    Retry 1:
      Attempt: lemma associated_map_map_test (f : R →+* S) {x y : R[X]} :
    Associated x y → Associated (x.map f) (y.map f) := by
  aesop (add norm mapRingHom)
      Error: unsolved goals
R : Type u_1
S : Type u_2
inst : Semiring R
inst_1 : Semiring S
f : R →+* S
x y : R[X]
a : Associated x y
⊢ Associated (map f x) (map f y)
    Retry 2:
      Attempt: lemma associated_map_map_test (f : R →+* S) {x y : R[X]} :
    Associated x y → Associated (x.map f) (y.map f) := by
  aesop (add norm [Associated.map...
      Error: unsolved goals
R : Type u_1
S : Type u_2
inst : Semiring R
inst_1 : Semiring S
f : R →+* S
x y : R[X]
a : Associated x y
⊢ Associated (map f x) (map f y)

  Version 3 (2 attempts):
  Final output: lemma associated_map_map_test (f : R →+* S) {x y : R[X]} :
    Associated x y → Associated (x.map f) (y.map f) := by
  aesop (add norm [mapRingHom, Associated.map])

  Final error: unsolved goals
R : Type u_1
S : Type u_2
inst : Semiring R
inst_1 : Semiring S
f : R →+* S
x y : R[X]
a : Associated x y
⊢ Associated (map f x) (map f y)
  Retry history:
    Retry 1:
      Attempt: lemma associated_map_map_test (f : R →+* S) {x y : R[X]} :
    Associated x y → Associated (x.map f) (y.map f) := by
  aesop (add norm mapRingHom)
      Error: unsolved goals
R : Type u_1
S : Type u_2
inst : Semiring R
inst_1 : Semiring S
f : R →+* S
x y : R[X]
a : Associated x y
⊢ Associated (map f x) (map f y)
    Retry 2:
      Attempt: lemma associated_map_map_test (f : R →+* S) {x y : R[X]} :
    Associated x y → Associated (x.map f) (y.map f) := by
  aesop (add norm [mapRingHom, As...
      Error: unsolved goals
R : Type u_1
S : Type u_2
inst : Semiring R
inst_1 : Semiring S
f : R →+* S
x y : R[X]
a : Associated x y
⊢ Associated (map f x) (map f y)

--------------------------------------------------------------------------------
FAILURE: eval_dvd
--------------------------------------------------------------------------------
Line number: 700
Has @[simp]: False
Failure reason: all_versions_failed
Classification: partial_progress: Aesop made partial progress - needs more lemma hints
Context: commsemiring_r

Original theorem signature:
--------------------------------------------------------------------------------
@[gcongr]
theorem eval_dvd : p ∣ q → eval x p ∣ eval x q
--------------------------------------------------------------------------------

LLM suggested proof (final):
--------------------------------------------------------------------------------
@[gcongr]
theorem eval_dvd_test : p ∣ q → eval x p ∣ eval x q := by
  aesop (add norm [eval₂_dvd, eval₂_eq_eval_map])
--------------------------------------------------------------------------------

Error details:
--------------------------------------------------------------------------------
Original aesop error:
unsolved goals
R : Type u_1
inst : CommSemiring R
p q : R[X]
x : R
a : p ∣ q
⊢ eval x p ∣ eval x q

All 3 LLM versions failed after 6 total attempts
--------------------------------------------------------------------------------

~~~~~~~~~~~~~~~~~~~~~~~~~~~~~~~~~~~~~~~~~~~~~~~~~~~~~~~~~~~~~~~~~~~~~~~~~~~~~~~~
DETAILED VERSION ATTEMPTS (3 versions):
~~~~~~~~~~~~~~~~~~~~~~~~~~~~~~~~~~~~~~~~~~~~~~~~~~~~~~~~~~~~~~~~~~~~~~~~~~~~~~~~

  Version 1 (2 attempts):
  Final output: @[gcongr]
theorem eval_dvd_test : p ∣ q → eval x p ∣ eval x q := by
  aesop (add norm [eval₂_dvd, eval₂_eq_eval_map])

  Final error: unsolved goals
R : Type u_1
inst : CommSemiring R
p q : R[X]
x : R
a : p ∣ q
⊢ eval x p ∣ eval x q
  Retry history:
    Retry 1:
      Attempt: @[gcongr]
theorem eval_dvd_test : p ∣ q → eval x p ∣ eval x q := by
  aesop (add norm eval₂_dvd)
      Error: unsolved goals
R : Type u_1
inst : CommSemiring R
p q : R[X]
x : R
a : p ∣ q
⊢ eval x p ∣ eval x q
    Retry 2:
      Attempt: @[gcongr]
theorem eval_dvd_test : p ∣ q → eval x p ∣ eval x q := by
  aesop (add norm [eval₂_dvd, eval₂_eq_eval_map])
      Error: unsolved goals
R : Type u_1
inst : CommSemiring R
p q : R[X]
x : R
a : p ∣ q
⊢ eval x p ∣ eval x q

  Version 2 (2 attempts):
  Final output: @[gcongr]
theorem eval_dvd_test : p ∣ q → eval x p ∣ eval x q := by
  aesop (add norm [eval₂_dvd, eval_map])

  Final error: unsolved goals
R : Type u_1
inst : CommSemiring R
p q : R[X]
x : R
a : p ∣ q
⊢ eval x p ∣ eval x q
  Retry history:
    Retry 1:
      Attempt: @[gcongr]
theorem eval_dvd_test : p ∣ q → eval x p ∣ eval x q := by
  aesop (add norm eval₂_dvd)
      Error: unsolved goals
R : Type u_1
inst : CommSemiring R
p q : R[X]
x : R
a : p ∣ q
⊢ eval x p ∣ eval x q
    Retry 2:
      Attempt: @[gcongr]
theorem eval_dvd_test : p ∣ q → eval x p ∣ eval x q := by
  aesop (add norm [eval₂_dvd, eval_map])
      Error: unsolved goals
R : Type u_1
inst : CommSemiring R
p q : R[X]
x : R
a : p ∣ q
⊢ eval x p ∣ eval x q

  Version 3 (2 attempts):
  Final output: @[gcongr]
theorem eval_dvd_test : p ∣ q → eval x p ∣ eval x q := by
  aesop (add norm [eval₂_dvd, eval_map])

  Final error: unsolved goals
R : Type u_1
inst : CommSemiring R
p q : R[X]
x : R
a : p ∣ q
⊢ eval x p ∣ eval x q
  Retry history:
    Retry 1:
      Attempt: @[gcongr]
theorem eval_dvd_test : p ∣ q → eval x p ∣ eval x q := by
  aesop (add norm eval₂_dvd)
      Error: unsolved goals
R : Type u_1
inst : CommSemiring R
p q : R[X]
x : R
a : p ∣ q
⊢ eval x p ∣ eval x q
    Retry 2:
      Attempt: @[gcongr]
theorem eval_dvd_test : p ∣ q → eval x p ∣ eval x q := by
  aesop (add norm [eval₂_dvd, eval_map])
      Error: unsolved goals
R : Type u_1
inst : CommSemiring R
p q : R[X]
x : R
a : p ∣ q
⊢ eval x p ∣ eval x q

--------------------------------------------------------------------------------
FAILURE: eval_eq_zero_of_dvd_of_eval_eq_zero
--------------------------------------------------------------------------------
Line number: 703
Has @[simp]: False
Failure reason: all_versions_failed
Classification: partial_progress: Aesop made partial progress - needs more lemma hints
Context: commsemiring_r

Original theorem signature:
--------------------------------------------------------------------------------
theorem eval_eq_zero_of_dvd_of_eval_eq_zero : p ∣ q → eval x p = 0 → eval x q = 0
--------------------------------------------------------------------------------

LLM suggested proof (final):
--------------------------------------------------------------------------------
theorem eval_eq_zero_of_dvd_of_eval_eq_zero_test : p ∣ q → eval x p = 0 → eval x q = 0 := by
  aesop (add norm [eval_dvd, Dvd.dvd.elim, eval_mul])
--------------------------------------------------------------------------------

Error details:
--------------------------------------------------------------------------------
Original aesop error:
unsolved goals
R : Type u_1
inst : CommSemiring R
p q : R[X]
x : R
a : p ∣ q
a_1 : eval x p = 0
⊢ eval x q = 0

All 3 LLM versions failed after 6 total attempts
--------------------------------------------------------------------------------

~~~~~~~~~~~~~~~~~~~~~~~~~~~~~~~~~~~~~~~~~~~~~~~~~~~~~~~~~~~~~~~~~~~~~~~~~~~~~~~~
DETAILED VERSION ATTEMPTS (3 versions):
~~~~~~~~~~~~~~~~~~~~~~~~~~~~~~~~~~~~~~~~~~~~~~~~~~~~~~~~~~~~~~~~~~~~~~~~~~~~~~~~

  Version 1 (2 attempts):
  Final output: theorem eval_eq_zero_of_dvd_of_eval_eq_zero_test : p ∣ q → eval x p = 0 → eval x q = 0 := by
  aesop (add norm [eval_dvd, Dvd.dvd.elim, eval_mul])

  Final error: aesop: Unable to interpret 'Dvd.dvd.elim' as a norm rule. Try specifying a builder.
  Retry history:
    Retry 1:
      Attempt: theorem eval_eq_zero_of_dvd_of_eval_eq_zero_test : p ∣ q → eval x p = 0 → eval x q = 0 := by
  aesop (add norm eval_dvd)
      Error: unsolved goals
R : Type u_1
inst : CommSemiring R
p q : R[X]
x : R
a : p ∣ q
a_1 : eval x p = 0
⊢ eval x q = 0
    Retry 2:
      Attempt: theorem eval_eq_zero_of_dvd_of_eval_eq_zero_test : p ∣ q → eval x p = 0 → eval x q = 0 := by
  aesop (add norm [eval_dvd, Dvd.dvd.elim, eval_mul])
      Error: aesop: Unable to interpret 'Dvd.dvd.elim' as a norm rule. Try specifying a builder.

  Version 2 (2 attempts):
  Final output: theorem eval_eq_zero_of_dvd_of_eval_eq_zero_test : p ∣ q → eval x p = 0 → eval x q = 0 := by
  aesop (add norm [eval_dvd, Dvd.dvd.elim])

  Final error: aesop: Unable to interpret 'Dvd.dvd.elim' as a norm rule. Try specifying a builder.
  Retry history:
    Retry 1:
      Attempt: theorem eval_eq_zero_of_dvd_of_eval_eq_zero_test : p ∣ q → eval x p = 0 → eval x q = 0 := by
  aesop (add norm eval₂_eq_zero_of_dvd_of_eval₂_eq_zero)
      Error: unsolved goals
R : Type u_1
inst : CommSemiring R
p q : R[X]
x : R
a : p ∣ q
a_1 : eval x p = 0
⊢ eval x q = 0
    Retry 2:
      Attempt: theorem eval_eq_zero_of_dvd_of_eval_eq_zero_test : p ∣ q → eval x p = 0 → eval x q = 0 := by
  aesop (add norm [eval_dvd, Dvd.dvd.elim])
      Error: aesop: Unable to interpret 'Dvd.dvd.elim' as a norm rule. Try specifying a builder.

  Version 3 (2 attempts):
  Final output: theorem eval_eq_zero_of_dvd_of_eval_eq_zero_test : p ∣ q → eval x p = 0 → eval x q = 0 := by
  aesop (add norm eval_dvd)

  Final error: unsolved goals
R : Type u_1
inst : CommSemiring R
p q : R[X]
x : R
a : p ∣ q
a_1 : eval x p = 0
⊢ eval x q = 0
  Retry history:
    Retry 1:
      Attempt: theorem eval_eq_zero_of_dvd_of_eval_eq_zero_test : p ∣ q → eval x p = 0 → eval x q = 0 := by
  aesop (add norm eval₂_eq_zero_of_dvd_of_eval₂_eq_zero)
      Error: unsolved goals
R : Type u_1
inst : CommSemiring R
p q : R[X]
x : R
a : p ∣ q
a_1 : eval x p = 0
⊢ eval x q = 0
    Retry 2:
      Attempt: theorem eval_eq_zero_of_dvd_of_eval_eq_zero_test : p ∣ q → eval x p = 0 → eval x q = 0 := by
  aesop (add norm eval_dvd)
      Error: unsolved goals
R : Type u_1
inst : CommSemiring R
p q : R[X]
x : R
a : p ∣ q
a_1 : eval x p = 0
⊢ eval x q = 0

--------------------------------------------------------------------------------
FAILURE: mul_X_sub_intCast_comp
--------------------------------------------------------------------------------
Line number: 793
Has @[simp]: False
Failure reason: all_versions_failed
Classification: partial_progress: Aesop made partial progress - needs more lemma hints
Context: ring

Original theorem signature:
--------------------------------------------------------------------------------
theorem mul_X_sub_intCast_comp {n : Nat} :
    (p * (X - (n : R[X]))).comp q = p.comp q * (q - n)
--------------------------------------------------------------------------------

LLM suggested proof (final):
--------------------------------------------------------------------------------
theorem mul_X_sub_intCast_comp_test {n : Nat} :
    (p * (X - (n : R[X]))).comp q = p.comp q * (q - n) := by
  aesop (add norm [mul_sub, sub_comp, mul_X_comp, natCast_mul_comp, mul_sub, natCast_comp])
--------------------------------------------------------------------------------

Error details:
--------------------------------------------------------------------------------
Original aesop error:
tactic 'aesop' failed, made no progress
Initial goal:
  R : Type u_1
  inst✝ : Ring R
  p q : R[X]
  n : ℕ
  ⊢ (p * (X - ↑n)).comp q = p.comp q * (q - ↑n)

All 3 LLM versions failed after 6 total attempts
--------------------------------------------------------------------------------

~~~~~~~~~~~~~~~~~~~~~~~~~~~~~~~~~~~~~~~~~~~~~~~~~~~~~~~~~~~~~~~~~~~~~~~~~~~~~~~~
DETAILED VERSION ATTEMPTS (3 versions):
~~~~~~~~~~~~~~~~~~~~~~~~~~~~~~~~~~~~~~~~~~~~~~~~~~~~~~~~~~~~~~~~~~~~~~~~~~~~~~~~

  Version 1 (2 attempts):
  Final output: theorem mul_X_sub_intCast_comp_test {n : Nat} :
    (p * (X - (n : R[X]))).comp q = p.comp q * (q - n) := by
  aesop (add norm [mul_sub, sub_comp, mul_X_comp, natCast_mul_comp, mul_sub, natCast_comp])

  Final error: unsolved goals
R : Type u_1
inst : Ring R
p q : R[X]
n : ℕ
⊢ (p * ↑n).comp q = p.comp q * ↑n
  Retry history:
    Retry 1:
      Attempt: theorem mul_X_sub_intCast_comp_test {n : Nat} :
    (p * (X - (n : R[X]))).comp q = p.comp q * (q - n) := by
  aesop (add norm [mul_sub, sub_comp, mul...
      Error: unsolved goals
R : Type u_1
inst : Ring R
p q : R[X]
n : ℕ
⊢ (p * ↑n).comp q = p.comp q * ↑n
    Retry 2:
      Attempt: theorem mul_X_sub_intCast_comp_test {n : Nat} :
    (p * (X - (n : R[X]))).comp q = p.comp q * (q - n) := by
  aesop (add norm [mul_sub, sub_comp, mul...
      Error: unsolved goals
R : Type u_1
inst : Ring R
p q : R[X]
n : ℕ
⊢ (p * ↑n).comp q = p.comp q * ↑n

  Version 2 (2 attempts):
  Final output: theorem mul_X_sub_intCast_comp_test {n : Nat} :
    (p * (X - (n : R[X]))).comp q = p.comp q * (q - n) := by
  aesop (add norm [mul_sub, sub_comp, mul_X_comp, natCast_mul_comp, natCast_comp, mul_sub])

  Final error: unsolved goals
R : Type u_1
inst : Ring R
p q : R[X]
n : ℕ
⊢ (p * ↑n).comp q = p.comp q * ↑n
  Retry history:
    Retry 1:
      Attempt: theorem mul_X_sub_intCast_comp_test {n : Nat} :
    (p * (X - (n : R[X]))).comp q = p.comp q * (q - n) := by
  aesop (add norm [mul_sub, sub_comp, mul...
      Error: unsolved goals
R : Type u_1
inst : Ring R
p q : R[X]
n : ℕ
⊢ (p * ↑n).comp q = p.comp q * ↑n
    Retry 2:
      Attempt: theorem mul_X_sub_intCast_comp_test {n : Nat} :
    (p * (X - (n : R[X]))).comp q = p.comp q * (q - n) := by
  aesop (add norm [mul_sub, sub_comp, mul...
      Error: unsolved goals
R : Type u_1
inst : Ring R
p q : R[X]
n : ℕ
⊢ (p * ↑n).comp q = p.comp q * ↑n

  Version 3 (2 attempts):
  Final output: theorem mul_X_sub_intCast_comp_test {n : Nat} :
    (p * (X - (n : R[X]))).comp q = p.comp q * (q - n) := by
  aesop (add norm [mul_sub, sub_comp, mul_X_comp, natCast_comp, mul_sub])

  Final error: unsolved goals
R : Type u_1
inst : Ring R
p q : R[X]
n : ℕ
⊢ (p * ↑n).comp q = p.comp q * ↑n
  Retry history:
    Retry 1:
      Attempt: theorem mul_X_sub_intCast_comp_test {n : Nat} :
    (p * (X - (n : R[X]))).comp q = p.comp q * (q - n) := by
  aesop (add norm [mul_sub, sub_comp, mul...
      Error: unsolved goals
R : Type u_1
inst : Ring R
p q : R[X]
n : ℕ
⊢ (p * ↑n).comp q = p.comp q * ↑n
    Retry 2:
      Attempt: theorem mul_X_sub_intCast_comp_test {n : Nat} :
    (p * (X - (n : R[X]))).comp q = p.comp q * (q - n) := by
  aesop (add norm [mul_sub, sub_comp, mul...
      Error: unsolved goals
R : Type u_1
inst : Ring R
p q : R[X]
n : ℕ
⊢ (p * ↑n).comp q = p.comp q * ↑n


================================================================================
CATEGORY: FUNDAMENTAL
================================================================================

--------------------------------------------------------------------------------
FAILURE: eval₂_eq_zero_of_dvd_of_eval₂_eq_zero
--------------------------------------------------------------------------------
Line number: 245
Has @[simp]: False
Failure reason: all_versions_failed
Classification: fundamental: Likely not aesop-solvable without significant changes
Context: commsemiring_s

Original theorem signature:
--------------------------------------------------------------------------------
theorem eval₂_eq_zero_of_dvd_of_eval₂_eq_zero (h : p ∣ q) (h0 : eval₂ f x p = 0) :
    eval₂ f x q = 0
--------------------------------------------------------------------------------

LLM suggested proof (final):
--------------------------------------------------------------------------------
theorem eval₂_eq_zero_of_dvd_of_eval₂_eq_zero_test (h : p ∣ q) (h0 : eval₂ f x p = 0) :
    eval₂ f x q = 0 := by
  aesop (add norm [eval₂_dvd, eq_zero_of_zero_dvd])
--------------------------------------------------------------------------------

Error details:
--------------------------------------------------------------------------------
Original aesop error:
tactic 'aesop' failed, made no progress
Initial goal:
  R : Type u_1
  S : Type u_2
  inst✝¹ : Semiring R
  p q : R[X]
  inst✝ : CommSemiring S
  f : R →+* S
  x : S
  h : p ∣ q
  h0 : eval₂ f x p = 0
  ⊢ eval₂ f x q = 0

All 3 LLM versions failed after 6 total attempts
--------------------------------------------------------------------------------

~~~~~~~~~~~~~~~~~~~~~~~~~~~~~~~~~~~~~~~~~~~~~~~~~~~~~~~~~~~~~~~~~~~~~~~~~~~~~~~~
DETAILED VERSION ATTEMPTS (3 versions):
~~~~~~~~~~~~~~~~~~~~~~~~~~~~~~~~~~~~~~~~~~~~~~~~~~~~~~~~~~~~~~~~~~~~~~~~~~~~~~~~

  Version 1 (2 attempts):
  Final output: theorem eval₂_eq_zero_of_dvd_of_eval₂_eq_zero_test (h : p ∣ q) (h0 : eval₂ f x p = 0) :
    eval₂ f x q = 0 := by
  aesop (add norm [eval₂_dvd, eq_zero_of_zero_dvd])

  Final error: aesop: error in norm simp: failed to synthesize
  SemigroupWithZero
    ((({R : Type u_1} → {S : Type u_2} → [inst : Semiring R] → [inst_2 : Semiring S] → (R →+* S) → S → R[X] → S) →
        Prop) →
      Prop)
(deterministic) timeout at `typeclass`, maximum number of heartbeats (20000) has been reached
Use `set_option synthInstance.maxHeartbeats <num>` to set the limit.
Additional diagnostic information may be available using the `set_option diagnostics true` command.
Additional diagnostic information may be available using the `set_option diagnostics true` command.
  Retry history:
    Retry 1:
      Attempt: theorem eval₂_eq_zero_of_dvd_of_eval₂_eq_zero_test (h : p ∣ q) (h0 : eval₂ f x p = 0) :
    eval₂ f x q = 0 := by
  aesop (add norm [eval₂_dvd, zero_d...
      Error: tactic 'aesop' failed, made no progress
Initial goal:
  R : Type u_1
  S : Type u_2
  inst✝¹ : Semiring R
  p q : R[X]
  inst✝ : CommSemiring S
  f : R →+* S
  x : S
  h : p ∣ q
  h0 : eval₂ f x p = 0...
    Retry 2:
      Attempt: theorem eval₂_eq_zero_of_dvd_of_eval₂_eq_zero_test (h : p ∣ q) (h0 : eval₂ f x p = 0) :
    eval₂ f x q = 0 := by
  aesop (add norm [eval₂_dvd, eq_zer...
      Error: aesop: error in norm simp: failed to synthesize
  SemigroupWithZero
    ((({R : Type u_1} → {S : Type u_2} → [inst : Semiring R] → [inst_2 : Semiring S] → (R →+* S) → S → R[X] → S) →
        Prop) →
 ...

  Version 2 (2 attempts):
  Final output: theorem eval₂_eq_zero_of_dvd_of_eval₂_eq_zero_test (h : p ∣ q) (h0 : eval₂ f x p = 0) :
    eval₂ f x q = 0 := by
  aesop (add norm [eval₂_dvd, eq_zero_of_zero_dvd])

  Final error: aesop: error in norm simp: failed to synthesize
  SemigroupWithZero
    ((({R : Type u_1} → {S : Type u_2} → [inst : Semiring R] → [inst_2 : Semiring S] → (R →+* S) → S → R[X] → S) →
        Prop) →
      Prop)
(deterministic) timeout at `typeclass`, maximum number of heartbeats (20000) has been reached
Use `set_option synthInstance.maxHeartbeats <num>` to set the limit.
Additional diagnostic information may be available using the `set_option diagnostics true` command.
Additional diagnostic information may be available using the `set_option diagnostics true` command.
  Retry history:
    Retry 1:
      Attempt: theorem eval₂_eq_zero_of_dvd_of_eval₂_eq_zero_test (h : p ∣ q) (h0 : eval₂ f x p = 0) :
    eval₂ f x q = 0 := by
  aesop (add norm [eval₂_dvd, zero_d...
      Error: tactic 'aesop' failed, made no progress
Initial goal:
  R : Type u_1
  S : Type u_2
  inst✝¹ : Semiring R
  p q : R[X]
  inst✝ : CommSemiring S
  f : R →+* S
  x : S
  h : p ∣ q
  h0 : eval₂ f x p = 0...
    Retry 2:
      Attempt: theorem eval₂_eq_zero_of_dvd_of_eval₂_eq_zero_test (h : p ∣ q) (h0 : eval₂ f x p = 0) :
    eval₂ f x q = 0 := by
  aesop (add norm [eval₂_dvd, eq_zer...
      Error: aesop: error in norm simp: failed to synthesize
  SemigroupWithZero
    ((({R : Type u_1} → {S : Type u_2} → [inst : Semiring R] → [inst_2 : Semiring S] → (R →+* S) → S → R[X] → S) →
        Prop) →
 ...

  Version 3 (2 attempts):
  Final output: theorem eval₂_eq_zero_of_dvd_of_eval₂_eq_zero_test (h : p ∣ q) (h0 : eval₂ f x p = 0) :
    eval₂ f x q = 0 := by
  aesop (add norm [eval₂_dvd, eq_zero_of_zero_dvd])

  Final error: aesop: error in norm simp: failed to synthesize
  SemigroupWithZero
    ((({R : Type u_1} → {S : Type u_2} → [inst : Semiring R] → [inst_2 : Semiring S] → (R →+* S) → S → R[X] → S) →
        Prop) →
      Prop)
(deterministic) timeout at `typeclass`, maximum number of heartbeats (20000) has been reached
Use `set_option synthInstance.maxHeartbeats <num>` to set the limit.
Additional diagnostic information may be available using the `set_option diagnostics true` command.
Additional diagnostic information may be available using the `set_option diagnostics true` command.
  Retry history:
    Retry 1:
      Attempt: theorem eval₂_eq_zero_of_dvd_of_eval₂_eq_zero_test (h : p ∣ q) (h0 : eval₂ f x p = 0) :
    eval₂ f x q = 0 := by
  aesop (add norm [eval₂_dvd, zero_d...
      Error: tactic 'aesop' failed, made no progress
Initial goal:
  R : Type u_1
  S : Type u_2
  inst✝¹ : Semiring R
  p q : R[X]
  inst✝ : CommSemiring S
  f : R →+* S
  x : S
  h : p ∣ q
  h0 : eval₂ f x p = 0...
    Retry 2:
      Attempt: theorem eval₂_eq_zero_of_dvd_of_eval₂_eq_zero_test (h : p ∣ q) (h0 : eval₂ f x p = 0) :
    eval₂ f x q = 0 := by
  aesop (add norm [eval₂_dvd, eq_zer...
      Error: aesop: error in norm simp: failed to synthesize
  SemigroupWithZero
    ((({R : Type u_1} → {S : Type u_2} → [inst : Semiring R] → [inst_2 : Semiring S] → (R →+* S) → S → R[X] → S) →
        Prop) →
 ...


================================================================================
CATEGORY: UNKNOWN
================================================================================

--------------------------------------------------------------------------------
FAILURE: eval₂_multiset_sum
--------------------------------------------------------------------------------
Line number: 146
Has @[simp]: False
Failure reason: all_versions_failed
Classification: unknown: Unclassified failure type
Context: semiring_s

Original theorem signature:
--------------------------------------------------------------------------------
theorem eval₂_multiset_sum (s : Multiset R[X]) (x : S) :
    eval₂ f x s.sum = (s.map (eval₂ f x)).sum
--------------------------------------------------------------------------------

LLM suggested proof (final):
--------------------------------------------------------------------------------
theorem eval₂_multiset_sum_test (s : Multiset R[X]) (x : S) :
    eval₂ f x s.sum = (s.map (eval₂ f x)).sum :=
  by aesop (add norm [map_multiset_sum, eval₂AddMonoidHom])
--------------------------------------------------------------------------------

Error details:
--------------------------------------------------------------------------------
Original aesop error:
tactic 'aesop' failed, made no progress
Initial goal:
  R : Type u_1
  S : Type u_2
  inst✝¹ : Semiring R
  inst✝ : Semiring S
  f : R →+* S
  s : Multiset R[X]
  x : S
  ⊢ eval₂ f x s.sum = (Multiset.map (eval₂ f x) s).sum

All 3 LLM versions failed after 6 total attempts
--------------------------------------------------------------------------------

~~~~~~~~~~~~~~~~~~~~~~~~~~~~~~~~~~~~~~~~~~~~~~~~~~~~~~~~~~~~~~~~~~~~~~~~~~~~~~~~
DETAILED VERSION ATTEMPTS (3 versions):
~~~~~~~~~~~~~~~~~~~~~~~~~~~~~~~~~~~~~~~~~~~~~~~~~~~~~~~~~~~~~~~~~~~~~~~~~~~~~~~~

  Version 1 (2 attempts):
  Final output: theorem eval₂_multiset_sum_test (s : Multiset R[X]) (x : S) :
    eval₂ f x s.sum = (s.map (eval₂ f x)).sum :=
  by aesop (add norm [map_multiset_sum, eval₂AddMonoidHom])

  Final error: tactic 'aesop' failed, made no progress
Initial goal:
  R : Type u_1
  S : Type u_2
  inst✝¹ : Semiring R
  inst✝ : Semiring S
  f : R →+* S
  s : Multiset R[X]
  x : S
  ⊢ eval₂ f x s.sum = (Multiset.map (eval₂ f x) s).sum
  Retry history:
    Retry 1:
      Attempt: theorem eval₂_multiset_sum_test (s : Multiset R[X]) (x : S) :
    eval₂ f x s.sum = (s.map (eval₂ f x)).sum :=
  by aesop (add norm map_multiset_sum)
      Error: tactic 'aesop' failed, made no progress
Initial goal:
  R : Type u_1
  S : Type u_2
  inst✝¹ : Semiring R
  inst✝ : Semiring S
  f : R →+* S
  s : Multiset R[X]
  x : S
  ⊢ eval₂ f x s.sum = (Multiset...
    Retry 2:
      Attempt: theorem eval₂_multiset_sum_test (s : Multiset R[X]) (x : S) :
    eval₂ f x s.sum = (s.map (eval₂ f x)).sum :=
  by aesop (add norm [map_multiset_sum,...
      Error: tactic 'aesop' failed, made no progress
Initial goal:
  R : Type u_1
  S : Type u_2
  inst✝¹ : Semiring R
  inst✝ : Semiring S
  f : R →+* S
  s : Multiset R[X]
  x : S
  ⊢ eval₂ f x s.sum = (Multiset...

  Version 2 (2 attempts):
  Final output: theorem eval₂_multiset_sum_test (s : Multiset R[X]) (x : S) :
    eval₂ f x s.sum = (s.map (eval₂ f x)).sum :=
  by aesop (add norm [eval₂AddMonoidHom, Multiset.map_sum])

  Final error: aesop: Unable to interpret 'Multiset.map_sum' as a norm rule. Try specifying a builder.
  Retry history:
    Retry 1:
      Attempt: theorem eval₂_multiset_sum_test (s : Multiset R[X]) (x : S) :
    eval₂ f x s.sum = (s.map (eval₂ f x)).sum :=
  by aesop (add norm eval₂AddMonoidHom)
      Error: tactic 'aesop' failed, made no progress
Initial goal:
  R : Type u_1
  S : Type u_2
  inst✝¹ : Semiring R
  inst✝ : Semiring S
  f : R →+* S
  s : Multiset R[X]
  x : S
  ⊢ eval₂ f x s.sum = (Multiset...
    Retry 2:
      Attempt: theorem eval₂_multiset_sum_test (s : Multiset R[X]) (x : S) :
    eval₂ f x s.sum = (s.map (eval₂ f x)).sum :=
  by aesop (add norm [eval₂AddMonoidHom...
      Error: aesop: Unable to interpret 'Multiset.map_sum' as a norm rule. Try specifying a builder.

  Version 3 (2 attempts):
  Final output: theorem eval₂_multiset_sum_test (s : Multiset R[X]) (x : S) :
    eval₂ f x s.sum = (s.map (eval₂ f x)).sum :=
  by aesop (add norm [eval₂AddMonoidHom, map_multiset_sum])

  Final error: tactic 'aesop' failed, made no progress
Initial goal:
  R : Type u_1
  S : Type u_2
  inst✝¹ : Semiring R
  inst✝ : Semiring S
  f : R →+* S
  s : Multiset R[X]
  x : S
  ⊢ eval₂ f x s.sum = (Multiset.map (eval₂ f x) s).sum
  Retry history:
    Retry 1:
      Attempt: theorem eval₂_multiset_sum_test (s : Multiset R[X]) (x : S) :
    eval₂ f x s.sum = (s.map (eval₂ f x)).sum :=
  by aesop (add norm [map_multiset_sum,...
      Error: tactic 'aesop' failed, made no progress
Initial goal:
  R : Type u_1
  S : Type u_2
  inst✝¹ : Semiring R
  inst✝ : Semiring S
  f : R →+* S
  s : Multiset R[X]
  x : S
  ⊢ eval₂ f x s.sum = (Multiset...
    Retry 2:
      Attempt: theorem eval₂_multiset_sum_test (s : Multiset R[X]) (x : S) :
    eval₂ f x s.sum = (s.map (eval₂ f x)).sum :=
  by aesop (add norm [eval₂AddMonoidHom...
      Error: tactic 'aesop' failed, made no progress
Initial goal:
  R : Type u_1
  S : Type u_2
  inst✝¹ : Semiring R
  inst✝ : Semiring S
  f : R →+* S
  s : Multiset R[X]
  x : S
  ⊢ eval₂ f x s.sum = (Multiset...

--------------------------------------------------------------------------------
FAILURE: eval₂_finset_sum
--------------------------------------------------------------------------------
Line number: 150
Has @[simp]: False
Failure reason: all_versions_failed
Classification: unknown: Unclassified failure type
Context: semiring_s

Original theorem signature:
--------------------------------------------------------------------------------
theorem eval₂_finset_sum (s : Finset ι) (g : ι → R[X]) (x : S) :
    (∑ i ∈ s, g i).eval₂ f x = ∑ i ∈ s, (g i).eval₂ f x
--------------------------------------------------------------------------------

LLM suggested proof (final):
--------------------------------------------------------------------------------
theorem eval₂_finset_sum_test (s : Finset ι) (g : ι → R[X]) (x : S) :
    (∑ i ∈ s, g i).eval₂ f x = ∑ i ∈ s, (g i).eval₂ f x := by
  aesop (add safe eval₂AddMonoidHom)
--------------------------------------------------------------------------------

Error details:
--------------------------------------------------------------------------------
Original aesop error:
tactic 'aesop' failed, made no progress
Initial goal:
  R : Type u_1
  S : Type u_2
  ι : Type u_4
  inst✝¹ : Semiring R
  inst✝ : Semiring S
  f : R →+* S
  s : Finset ι
  g : ι → R[X]
  x : S
  ⊢ eval₂ f x (∑ i ∈ s, g i) = ∑ i ∈ s, eval₂ f x (g i)

All 3 LLM versions failed after 6 total attempts
--------------------------------------------------------------------------------

~~~~~~~~~~~~~~~~~~~~~~~~~~~~~~~~~~~~~~~~~~~~~~~~~~~~~~~~~~~~~~~~~~~~~~~~~~~~~~~~
DETAILED VERSION ATTEMPTS (3 versions):
~~~~~~~~~~~~~~~~~~~~~~~~~~~~~~~~~~~~~~~~~~~~~~~~~~~~~~~~~~~~~~~~~~~~~~~~~~~~~~~~

  Version 1 (2 attempts):
  Final output: theorem eval₂_finset_sum_test (s : Finset ι) (g : ι → R[X]) (x : S) :
    (∑ i ∈ s, g i).eval₂ f x = ∑ i ∈ s, (g i).eval₂ f x := by
  aesop (add safe eval₂AddMonoidHom)

  Final error: tactic 'aesop' failed, made no progress
Initial goal:
  R : Type u_1
  S : Type u_2
  ι : Type u_4
  inst✝¹ : Semiring R
  inst✝ : Semiring S
  f : R →+* S
  s : Finset ι
  g : ι → R[X]
  x : S
  ⊢ eval₂ f x (∑ i ∈ s, g i) = ∑ i ∈ s, eval₂ f x (g i)
  Retry history:
    Retry 1:
      Attempt: theorem eval₂_finset_sum_test (s : Finset ι) (g : ι → R[X]) (x : S) :
    (∑ i ∈ s, g i).eval₂ f x = ∑ i ∈ s, (g i).eval₂ f x := by
  aesop (add norm ...
      Error: tactic 'aesop' failed, made no progress
Initial goal:
  R : Type u_1
  S : Type u_2
  ι : Type u_4
  inst✝¹ : Semiring R
  inst✝ : Semiring S
  f : R →+* S
  s : Finset ι
  g : ι → R[X]
  x : S
  ⊢ ev...
    Retry 2:
      Attempt: theorem eval₂_finset_sum_test (s : Finset ι) (g : ι → R[X]) (x : S) :
    (∑ i ∈ s, g i).eval₂ f x = ∑ i ∈ s, (g i).eval₂ f x := by
  aesop (add safe ...
      Error: tactic 'aesop' failed, made no progress
Initial goal:
  R : Type u_1
  S : Type u_2
  ι : Type u_4
  inst✝¹ : Semiring R
  inst✝ : Semiring S
  f : R →+* S
  s : Finset ι
  g : ι → R[X]
  x : S
  ⊢ ev...

  Version 2 (2 attempts):
  Final output: theorem eval₂_finset_sum_test (s : Finset ι) (g : ι → R[X]) (x : S) :
    (∑ i ∈ s, g i).eval₂ f x = ∑ i ∈ s, (g i).eval₂ f x := by
  aesop (add safe eval₂AddMonoidHom)

  Final error: tactic 'aesop' failed, made no progress
Initial goal:
  R : Type u_1
  S : Type u_2
  ι : Type u_4
  inst✝¹ : Semiring R
  inst✝ : Semiring S
  f : R →+* S
  s : Finset ι
  g : ι → R[X]
  x : S
  ⊢ eval₂ f x (∑ i ∈ s, g i) = ∑ i ∈ s, eval₂ f x (g i)
  Retry history:
    Retry 1:
      Attempt: theorem eval₂_finset_sum_test (s : Finset ι) (g : ι → R[X]) (x : S) :
    (∑ i ∈ s, g i).eval₂ f x = ∑ i ∈ s, (g i).eval₂ f x := by
  aesop (add norm ...
      Error: tactic 'aesop' failed, made no progress
Initial goal:
  R : Type u_1
  S : Type u_2
  ι : Type u_4
  inst✝¹ : Semiring R
  inst✝ : Semiring S
  f : R →+* S
  s : Finset ι
  g : ι → R[X]
  x : S
  ⊢ ev...
    Retry 2:
      Attempt: theorem eval₂_finset_sum_test (s : Finset ι) (g : ι → R[X]) (x : S) :
    (∑ i ∈ s, g i).eval₂ f x = ∑ i ∈ s, (g i).eval₂ f x := by
  aesop (add safe ...
      Error: tactic 'aesop' failed, made no progress
Initial goal:
  R : Type u_1
  S : Type u_2
  ι : Type u_4
  inst✝¹ : Semiring R
  inst✝ : Semiring S
  f : R →+* S
  s : Finset ι
  g : ι → R[X]
  x : S
  ⊢ ev...

  Version 3 (2 attempts):
  Final output: theorem eval₂_finset_sum_test (s : Finset ι) (g : ι → R[X]) (x : S) :
    (∑ i ∈ s, g i).eval₂ f x = ∑ i ∈ s, (g i).eval₂ f x := by
  aesop (add safe eval₂AddMonoidHom)

  Final error: tactic 'aesop' failed, made no progress
Initial goal:
  R : Type u_1
  S : Type u_2
  ι : Type u_4
  inst✝¹ : Semiring R
  inst✝ : Semiring S
  f : R →+* S
  s : Finset ι
  g : ι → R[X]
  x : S
  ⊢ eval₂ f x (∑ i ∈ s, g i) = ∑ i ∈ s, eval₂ f x (g i)
  Retry history:
    Retry 1:
      Attempt: theorem eval₂_finset_sum_test (s : Finset ι) (g : ι → R[X]) (x : S) :
    (∑ i ∈ s, g i).eval₂ f x = ∑ i ∈ s, (g i).eval₂ f x := by
  aesop (add norm ...
      Error: tactic 'aesop' failed, made no progress
Initial goal:
  R : Type u_1
  S : Type u_2
  ι : Type u_4
  inst✝¹ : Semiring R
  inst✝ : Semiring S
  f : R →+* S
  s : Finset ι
  g : ι → R[X]
  x : S
  ⊢ ev...
    Retry 2:
      Attempt: theorem eval₂_finset_sum_test (s : Finset ι) (g : ι → R[X]) (x : S) :
    (∑ i ∈ s, g i).eval₂ f x = ∑ i ∈ s, (g i).eval₂ f x := by
  aesop (add safe ...
      Error: tactic 'aesop' failed, made no progress
Initial goal:
  R : Type u_1
  S : Type u_2
  ι : Type u_4
  inst✝¹ : Semiring R
  inst✝ : Semiring S
  f : R →+* S
  s : Finset ι
  g : ι → R[X]
  x : S
  ⊢ ev...

--------------------------------------------------------------------------------
FAILURE: eval₂_mul_C
--------------------------------------------------------------------------------
Line number: 176
Has @[simp]: False
Failure reason: all_versions_failed
Classification: unknown: Unclassified failure type
Context: semiring_s

Original theorem signature:
--------------------------------------------------------------------------------
theorem eval₂_mul_C' (h : Commute (f a) x) : eval₂ f x (p * C a) = eval₂ f x p * f a
--------------------------------------------------------------------------------

LLM suggested proof (final):
--------------------------------------------------------------------------------
theorem eval₂_mul_C_test' (h : Commute (f a) x) : eval₂ f x (p * C a) = eval₂ f x p * f a := by
  aesop (add norm [eval₂_mul_noncomm, eval₂_C, coeff_C_zero, coeff_C_ne_zero, map_zero, Commute.zero_left])
--------------------------------------------------------------------------------

Error details:
--------------------------------------------------------------------------------
Original aesop error:
tactic 'aesop' failed, made no progress
Initial goal:
  R : Type u_1
  S : Type u_2
  a : R
  inst✝¹ : Semiring R
  p : R[X]
  inst✝ : Semiring S
  f : R →+* S
  x : S
  h : Commute (f a) x
  ⊢ eval₂ f x (p * C a) = eval₂ f x p * f a

All 3 LLM versions failed after 6 total attempts
--------------------------------------------------------------------------------

~~~~~~~~~~~~~~~~~~~~~~~~~~~~~~~~~~~~~~~~~~~~~~~~~~~~~~~~~~~~~~~~~~~~~~~~~~~~~~~~
DETAILED VERSION ATTEMPTS (3 versions):
~~~~~~~~~~~~~~~~~~~~~~~~~~~~~~~~~~~~~~~~~~~~~~~~~~~~~~~~~~~~~~~~~~~~~~~~~~~~~~~~

  Version 1 (2 attempts):
  Final output: theorem eval₂_mul_C_test' (h : Commute (f a) x) : eval₂ f x (p * C a) = eval₂ f x p * f a := by
  aesop (add norm [eval₂_mul_noncomm, eval₂_C, coeff_C_zero, coeff_C_ne_zero, map_zero, Commute.zero_lef...

  Final error: tactic 'aesop' failed, made no progress
Initial goal:
  R : Type u_1
  S : Type u_2
  a : R
  inst✝¹ : Semiring R
  p : R[X]
  inst✝ : Semiring S
  f : R →+* S
  x : S
  h : Commute (f a) x
  ⊢ eval₂ f x (p * C a) = eval₂ f x p * f a
  Retry history:
    Retry 1:
      Attempt: theorem eval₂_mul_C_test' (h : Commute (f a) x) : eval₂ f x (p * C a) = eval₂ f x p * f a := by
  aesop (add norm [eval₂_mul_noncomm, eval₂_C])
      Error: tactic 'aesop' failed, made no progress
Initial goal:
  R : Type u_1
  S : Type u_2
  a : R
  inst✝¹ : Semiring R
  p : R[X]
  inst✝ : Semiring S
  f : R →+* S
  x : S
  h : Commute (f a) x
  ⊢ eval₂ ...
    Retry 2:
      Attempt: theorem eval₂_mul_C_test' (h : Commute (f a) x) : eval₂ f x (p * C a) = eval₂ f x p * f a := by
  aesop (add norm [eval₂_mul_noncomm, eval₂_C, coeff_C...
      Error: tactic 'aesop' failed, made no progress
Initial goal:
  R : Type u_1
  S : Type u_2
  a : R
  inst✝¹ : Semiring R
  p : R[X]
  inst✝ : Semiring S
  f : R →+* S
  x : S
  h : Commute (f a) x
  ⊢ eval₂ ...

  Version 2 (2 attempts):
  Final output: theorem eval₂_mul_C_test' (h : Commute (f a) x) : eval₂ f x (p * C a) = eval₂ f x p * f a := by
  aesop (add norm [eval₂_mul_noncomm, eval₂_C, coeff_C_zero, coeff_C_ne_zero, map_zero, Commute.zero_lef...

  Final error: tactic 'aesop' failed, made no progress
Initial goal:
  R : Type u_1
  S : Type u_2
  a : R
  inst✝¹ : Semiring R
  p : R[X]
  inst✝ : Semiring S
  f : R →+* S
  x : S
  h : Commute (f a) x
  ⊢ eval₂ f x (p * C a) = eval₂ f x p * f a
  Retry history:
    Retry 1:
      Attempt: theorem eval₂_mul_C_test' (h : Commute (f a) x) : eval₂ f x (p * C a) = eval₂ f x p * f a := by
  aesop (add norm [eval₂_mul_noncomm, eval₂_C])
      Error: tactic 'aesop' failed, made no progress
Initial goal:
  R : Type u_1
  S : Type u_2
  a : R
  inst✝¹ : Semiring R
  p : R[X]
  inst✝ : Semiring S
  f : R →+* S
  x : S
  h : Commute (f a) x
  ⊢ eval₂ ...
    Retry 2:
      Attempt: theorem eval₂_mul_C_test' (h : Commute (f a) x) : eval₂ f x (p * C a) = eval₂ f x p * f a := by
  aesop (add norm [eval₂_mul_noncomm, eval₂_C, coeff_C...
      Error: tactic 'aesop' failed, made no progress
Initial goal:
  R : Type u_1
  S : Type u_2
  a : R
  inst✝¹ : Semiring R
  p : R[X]
  inst✝ : Semiring S
  f : R →+* S
  x : S
  h : Commute (f a) x
  ⊢ eval₂ ...

  Version 3 (2 attempts):
  Final output: theorem eval₂_mul_C_test' (h : Commute (f a) x) : eval₂ f x (p * C a) = eval₂ f x p * f a := by
  aesop (add norm [eval₂_mul_noncomm, eval₂_C, coeff_C_zero, coeff_C_ne_zero, map_zero, Commute.zero_lef...

  Final error: tactic 'aesop' failed, made no progress
Initial goal:
  R : Type u_1
  S : Type u_2
  a : R
  inst✝¹ : Semiring R
  p : R[X]
  inst✝ : Semiring S
  f : R →+* S
  x : S
  h : Commute (f a) x
  ⊢ eval₂ f x (p * C a) = eval₂ f x p * f a
  Retry history:
    Retry 1:
      Attempt: theorem eval₂_mul_C_test' (h : Commute (f a) x) : eval₂ f x (p * C a) = eval₂ f x p * f a := by
  aesop (add norm [eval₂_mul_noncomm, eval₂_C])
      Error: tactic 'aesop' failed, made no progress
Initial goal:
  R : Type u_1
  S : Type u_2
  a : R
  inst✝¹ : Semiring R
  p : R[X]
  inst✝ : Semiring S
  f : R →+* S
  x : S
  h : Commute (f a) x
  ⊢ eval₂ ...
    Retry 2:
      Attempt: theorem eval₂_mul_C_test' (h : Commute (f a) x) : eval₂ f x (p * C a) = eval₂ f x p * f a := by
  aesop (add norm [eval₂_mul_noncomm, eval₂_C, coeff_C...
      Error: tactic 'aesop' failed, made no progress
Initial goal:
  R : Type u_1
  S : Type u_2
  a : R
  inst✝¹ : Semiring R
  p : R[X]
  inst✝ : Semiring S
  f : R →+* S
  x : S
  h : Commute (f a) x
  ⊢ eval₂ ...

--------------------------------------------------------------------------------
FAILURE: eval_finset_sum
--------------------------------------------------------------------------------
Line number: 356
Has @[simp]: False
Failure reason: all_versions_failed
Classification: unknown: Unclassified failure type
Context: eval_r

Original theorem signature:
--------------------------------------------------------------------------------
theorem eval_finset_sum (s : Finset ι) (g : ι → R[X]) (x : R) :
    (∑ i ∈ s, g i).eval x = ∑ i ∈ s, (g i).eval x
--------------------------------------------------------------------------------

LLM suggested proof (final):
--------------------------------------------------------------------------------
theorem eval_finset_sum_test (s : Finset ι) (g : ι → R[X]) (x : R) :
    (∑ i ∈ s, g i).eval x = ∑ i ∈ s, (g i).eval x := by
  aesop (add norm [eval_sum, eval₂_finset_sum])
--------------------------------------------------------------------------------

Error details:
--------------------------------------------------------------------------------
Original aesop error:
tactic 'aesop' failed, made no progress
Initial goal:
  R : Type u_1
  ι : Type u_4
  inst✝ : Semiring R
  s : Finset ι
  g : ι → R[X]
  x : R
  ⊢ eval x (∑ i ∈ s, g i) = ∑ i ∈ s, eval x (g i)

All 3 LLM versions failed after 6 total attempts
--------------------------------------------------------------------------------

~~~~~~~~~~~~~~~~~~~~~~~~~~~~~~~~~~~~~~~~~~~~~~~~~~~~~~~~~~~~~~~~~~~~~~~~~~~~~~~~
DETAILED VERSION ATTEMPTS (3 versions):
~~~~~~~~~~~~~~~~~~~~~~~~~~~~~~~~~~~~~~~~~~~~~~~~~~~~~~~~~~~~~~~~~~~~~~~~~~~~~~~~

  Version 1 (2 attempts):
  Final output: theorem eval_finset_sum_test (s : Finset ι) (g : ι → R[X]) (x : R) :
    (∑ i ∈ s, g i).eval x = ∑ i ∈ s, (g i).eval x := by
  aesop (add norm [eval_sum, eval₂_finset_sum])

  Final error: tactic 'aesop' failed, made no progress
Initial goal:
  R : Type u_1
  ι : Type u_4
  inst✝ : Semiring R
  s : Finset ι
  g : ι → R[X]
  x : R
  ⊢ eval x (∑ i ∈ s, g i) = ∑ i ∈ s, eval x (g i)
  Retry history:
    Retry 1:
      Attempt: theorem eval_finset_sum_test (s : Finset ι) (g : ι → R[X]) (x : R) :
    (∑ i ∈ s, g i).eval x = ∑ i ∈ s, (g i).eval x := by
  aesop (add norm eval₂_f...
      Error: tactic 'aesop' failed, made no progress
Initial goal:
  R : Type u_1
  ι : Type u_4
  inst✝ : Semiring R
  s : Finset ι
  g : ι → R[X]
  x : R
  ⊢ eval x (∑ i ∈ s, g i) = ∑ i ∈ s, eval x (g i)
    Retry 2:
      Attempt: theorem eval_finset_sum_test (s : Finset ι) (g : ι → R[X]) (x : R) :
    (∑ i ∈ s, g i).eval x = ∑ i ∈ s, (g i).eval x := by
  aesop (add norm [eval_s...
      Error: tactic 'aesop' failed, made no progress
Initial goal:
  R : Type u_1
  ι : Type u_4
  inst✝ : Semiring R
  s : Finset ι
  g : ι → R[X]
  x : R
  ⊢ eval x (∑ i ∈ s, g i) = ∑ i ∈ s, eval x (g i)

  Version 2 (2 attempts):
  Final output: theorem eval_finset_sum_test (s : Finset ι) (g : ι → R[X]) (x : R) :
    (∑ i ∈ s, g i).eval x = ∑ i ∈ s, (g i).eval x := by
  aesop (add norm [eval_sum, eval₂_finset_sum])

  Final error: tactic 'aesop' failed, made no progress
Initial goal:
  R : Type u_1
  ι : Type u_4
  inst✝ : Semiring R
  s : Finset ι
  g : ι → R[X]
  x : R
  ⊢ eval x (∑ i ∈ s, g i) = ∑ i ∈ s, eval x (g i)
  Retry history:
    Retry 1:
      Attempt: theorem eval_finset_sum_test (s : Finset ι) (g : ι → R[X]) (x : R) :
    (∑ i ∈ s, g i).eval x = ∑ i ∈ s, (g i).eval x := by
  aesop (add norm eval₂_f...
      Error: tactic 'aesop' failed, made no progress
Initial goal:
  R : Type u_1
  ι : Type u_4
  inst✝ : Semiring R
  s : Finset ι
  g : ι → R[X]
  x : R
  ⊢ eval x (∑ i ∈ s, g i) = ∑ i ∈ s, eval x (g i)
    Retry 2:
      Attempt: theorem eval_finset_sum_test (s : Finset ι) (g : ι → R[X]) (x : R) :
    (∑ i ∈ s, g i).eval x = ∑ i ∈ s, (g i).eval x := by
  aesop (add norm [eval_s...
      Error: tactic 'aesop' failed, made no progress
Initial goal:
  R : Type u_1
  ι : Type u_4
  inst✝ : Semiring R
  s : Finset ι
  g : ι → R[X]
  x : R
  ⊢ eval x (∑ i ∈ s, g i) = ∑ i ∈ s, eval x (g i)

  Version 3 (2 attempts):
  Final output: theorem eval_finset_sum_test (s : Finset ι) (g : ι → R[X]) (x : R) :
    (∑ i ∈ s, g i).eval x = ∑ i ∈ s, (g i).eval x := by
  aesop (add norm [eval_sum, eval₂_finset_sum])

  Final error: tactic 'aesop' failed, made no progress
Initial goal:
  R : Type u_1
  ι : Type u_4
  inst✝ : Semiring R
  s : Finset ι
  g : ι → R[X]
  x : R
  ⊢ eval x (∑ i ∈ s, g i) = ∑ i ∈ s, eval x (g i)
  Retry history:
    Retry 1:
      Attempt: theorem eval_finset_sum_test (s : Finset ι) (g : ι → R[X]) (x : R) :
    (∑ i ∈ s, g i).eval x = ∑ i ∈ s, (g i).eval x := by
  aesop (add norm eval₂_f...
      Error: tactic 'aesop' failed, made no progress
Initial goal:
  R : Type u_1
  ι : Type u_4
  inst✝ : Semiring R
  s : Finset ι
  g : ι → R[X]
  x : R
  ⊢ eval x (∑ i ∈ s, g i) = ∑ i ∈ s, eval x (g i)
    Retry 2:
      Attempt: theorem eval_finset_sum_test (s : Finset ι) (g : ι → R[X]) (x : R) :
    (∑ i ∈ s, g i).eval x = ∑ i ∈ s, (g i).eval x := by
  aesop (add norm [eval_s...
      Error: tactic 'aesop' failed, made no progress
Initial goal:
  R : Type u_1
  ι : Type u_4
  inst✝ : Semiring R
  s : Finset ι
  g : ι → R[X]
  x : R
  ⊢ eval x (∑ i ∈ s, g i) = ∑ i ∈ s, eval x (g i)

--------------------------------------------------------------------------------
FAILURE: mul_comp_neg_X
--------------------------------------------------------------------------------
Line number: 473
Has @[simp]: True
Failure reason: all_versions_failed
Classification: unknown: Unclassified failure type
Context: eval_r

Original theorem signature:
--------------------------------------------------------------------------------
@[simp]
theorem mul_comp_neg_X {R : Type*} [Ring R] (p q : R[X]) :
    (p * q).comp (-X) = p.comp (-X) * q.comp (-X)
--------------------------------------------------------------------------------

LLM suggested proof (final):
--------------------------------------------------------------------------------
@[simp]
theorem mul_comp_neg_X_test {R : Type*} [Ring R] (p q : R[X]) :
    (p * q).comp (-X) = p.comp (-X) * q.comp (-X) := by
  aesop (add norm [mul_comp, C_neg, X_neg])
--------------------------------------------------------------------------------

Error details:
--------------------------------------------------------------------------------
Original aesop error:
tactic 'aesop' failed, made no progress
Initial goal:
  R : Type u_5
  inst✝ : Ring R
  p q : R[X]
  ⊢ (p * q).comp (-X) = p.comp (-X) * q.comp (-X)

All 3 LLM versions failed after 6 total attempts
--------------------------------------------------------------------------------

~~~~~~~~~~~~~~~~~~~~~~~~~~~~~~~~~~~~~~~~~~~~~~~~~~~~~~~~~~~~~~~~~~~~~~~~~~~~~~~~
DETAILED VERSION ATTEMPTS (3 versions):
~~~~~~~~~~~~~~~~~~~~~~~~~~~~~~~~~~~~~~~~~~~~~~~~~~~~~~~~~~~~~~~~~~~~~~~~~~~~~~~~

  Version 1 (2 attempts):
  Final output: @[simp]
theorem mul_comp_neg_X_test {R : Type*} [Ring R] (p q : R[X]) :
    (p * q).comp (-X) = p.comp (-X) * q.comp (-X) := by
  aesop (add norm [mul_comp, C_neg, X_neg])

  Final error: aesop: Unable to interpret 'X_neg' as a norm rule. Try specifying a builder.
  Retry history:
    Retry 1:
      Attempt: @[simp]
theorem mul_comp_neg_X_test {R : Type*} [Ring R] (p q : R[X]) :
    (p * q).comp (-X) = p.comp (-X) * q.comp (-X) := by
  aesop (add norm [eva...
      Error: tactic 'aesop' failed, made no progress
Initial goal:
  R : Type u_5
  inst✝ : Ring R
  p q : R[X]
  ⊢ (p * q).comp (-X) = p.comp (-X) * q.comp (-X)
    Retry 2:
      Attempt: @[simp]
theorem mul_comp_neg_X_test {R : Type*} [Ring R] (p q : R[X]) :
    (p * q).comp (-X) = p.comp (-X) * q.comp (-X) := by
  aesop (add norm [mul...
      Error: aesop: Unable to interpret 'X_neg' as a norm rule. Try specifying a builder.

  Version 2 (2 attempts):
  Final output: @[simp]
theorem mul_comp_neg_X_test {R : Type*} [Ring R] (p q : R[X]) :
    (p * q).comp (-X) = p.comp (-X) * q.comp (-X) := by
  aesop (add norm [eval₂_mul_noncomm, C_comp, X_comp, neg_eq_neg_one_mul...

  Final error: aesop: error in norm simp: failed to synthesize
  HasDistribNeg R[X]
maximum recursion depth has been reached
use `set_option maxRecDepth <num>` to increase limit
use `set_option diagnostics true` to get diagnostic information
Additional diagnostic information may be available using the `set_option diagnostics true` command.
  Retry history:
    Retry 1:
      Attempt: @[simp]
theorem mul_comp_neg_X_test {R : Type*} [Ring R] (p q : R[X]) :
    (p * q).comp (-X) = p.comp (-X) * q.comp (-X) := by
  aesop (add norm [eva...
      Error: tactic 'aesop' failed, made no progress
Initial goal:
  R : Type u_5
  inst✝ : Ring R
  p q : R[X]
  ⊢ (p * q).comp (-X) = p.comp (-X) * q.comp (-X)
    Retry 2:
      Attempt: @[simp]
theorem mul_comp_neg_X_test {R : Type*} [Ring R] (p q : R[X]) :
    (p * q).comp (-X) = p.comp (-X) * q.comp (-X) := by
  aesop (add norm [eva...
      Error: aesop: error in norm simp: failed to synthesize
  HasDistribNeg R[X]
maximum recursion depth has been reached
use `set_option maxRecDepth <num>` to increase limit
use `set_option diagnostics true` to ...

  Version 3 (2 attempts):
  Final output: @[simp]
theorem mul_comp_neg_X_test {R : Type*} [Ring R] (p q : R[X]) :
    (p * q).comp (-X) = p.comp (-X) * q.comp (-X) := by
  aesop (add norm [eval₂_mul_noncomm, C_comp, X_comp, commute_X])

  Final error: tactic 'aesop' failed, made no progress
Initial goal:
  R : Type u_5
  inst✝ : Ring R
  p q : R[X]
  ⊢ (p * q).comp (-X) = p.comp (-X) * q.comp (-X)
  Retry history:
    Retry 1:
      Attempt: @[simp]
theorem mul_comp_neg_X_test {R : Type*} [Ring R] (p q : R[X]) :
    (p * q).comp (-X) = p.comp (-X) * q.comp (-X) := by
  aesop (add norm [eva...
      Error: tactic 'aesop' failed, made no progress
Initial goal:
  R : Type u_5
  inst✝ : Ring R
  p q : R[X]
  ⊢ (p * q).comp (-X) = p.comp (-X) * q.comp (-X)
    Retry 2:
      Attempt: @[simp]
theorem mul_comp_neg_X_test {R : Type*} [Ring R] (p q : R[X]) :
    (p * q).comp (-X) = p.comp (-X) * q.comp (-X) := by
  aesop (add norm [eva...
      Error: tactic 'aesop' failed, made no progress
Initial goal:
  R : Type u_5
  inst✝ : Ring R
  p q : R[X]
  ⊢ (p * q).comp (-X) = p.comp (-X) * q.comp (-X)

--------------------------------------------------------------------------------
FAILURE: eval_prod
--------------------------------------------------------------------------------
Line number: 679
Has @[simp]: False
Failure reason: all_versions_failed
Classification: unknown: Unclassified failure type
Context: commsemiring_r

Original theorem signature:
--------------------------------------------------------------------------------
theorem eval_prod {ι : Type*} (s : Finset ι) (p : ι → R[X]) (x : R) :
    eval x (∏ j ∈ s, p j) = ∏ j ∈ s, eval x (p j)
--------------------------------------------------------------------------------

LLM suggested proof (final):
--------------------------------------------------------------------------------
theorem eval_prod_test {ι : Type*} (s : Finset ι) (p : ι → R[X]) (x : R) :
    eval x (∏ j ∈ s, p j) = ∏ j ∈ s, eval x (p j) := by
  aesop (add norm [evalRingHom, map_prod])
--------------------------------------------------------------------------------

Error details:
--------------------------------------------------------------------------------
Original aesop error:
tactic 'aesop' failed, made no progress
Initial goal:
  R : Type u_1
  inst✝ : CommSemiring R
  ι : Type u_5
  s : Finset ι
  p : ι → R[X]
  x : R
  ⊢ eval x (∏ j ∈ s, p j) = ∏ j ∈ s, eval x (p j)

All 3 LLM versions failed after 6 total attempts
--------------------------------------------------------------------------------

~~~~~~~~~~~~~~~~~~~~~~~~~~~~~~~~~~~~~~~~~~~~~~~~~~~~~~~~~~~~~~~~~~~~~~~~~~~~~~~~
DETAILED VERSION ATTEMPTS (3 versions):
~~~~~~~~~~~~~~~~~~~~~~~~~~~~~~~~~~~~~~~~~~~~~~~~~~~~~~~~~~~~~~~~~~~~~~~~~~~~~~~~

  Version 1 (2 attempts):
  Final output: theorem eval_prod_test {ι : Type*} (s : Finset ι) (p : ι → R[X]) (x : R) :
    eval x (∏ j ∈ s, p j) = ∏ j ∈ s, eval x (p j) := by
  aesop (add norm [evalRingHom, map_prod])

  Final error: tactic 'aesop' failed, made no progress
Initial goal:
  R : Type u_1
  inst✝ : CommSemiring R
  ι : Type u_5
  s : Finset ι
  p : ι → R[X]
  x : R
  ⊢ eval x (∏ j ∈ s, p j) = ∏ j ∈ s, eval x (p j)
  Retry history:
    Retry 1:
      Attempt: theorem eval_prod_test {ι : Type*} (s : Finset ι) (p : ι → R[X]) (x : R) :
    eval x (∏ j ∈ s, p j) = ∏ j ∈ s, eval x (p j) := by
  aesop (add norm [...
      Error: tactic 'aesop' failed, made no progress
Initial goal:
  R : Type u_1
  inst✝ : CommSemiring R
  ι : Type u_5
  s : Finset ι
  p : ι → R[X]
  x : R
  ⊢ eval x (∏ j ∈ s, p j) = ∏ j ∈ s, eval x (p j)
    Retry 2:
      Attempt: theorem eval_prod_test {ι : Type*} (s : Finset ι) (p : ι → R[X]) (x : R) :
    eval x (∏ j ∈ s, p j) = ∏ j ∈ s, eval x (p j) := by
  aesop (add norm [...
      Error: tactic 'aesop' failed, made no progress
Initial goal:
  R : Type u_1
  inst✝ : CommSemiring R
  ι : Type u_5
  s : Finset ι
  p : ι → R[X]
  x : R
  ⊢ eval x (∏ j ∈ s, p j) = ∏ j ∈ s, eval x (p j)

  Version 2 (2 attempts):
  Final output: theorem eval_prod_test {ι : Type*} (s : Finset ι) (p : ι → R[X]) (x : R) :
    eval x (∏ j ∈ s, p j) = ∏ j ∈ s, eval x (p j) := by
  aesop (add norm [evalRingHom, map_prod])

  Final error: tactic 'aesop' failed, made no progress
Initial goal:
  R : Type u_1
  inst✝ : CommSemiring R
  ι : Type u_5
  s : Finset ι
  p : ι → R[X]
  x : R
  ⊢ eval x (∏ j ∈ s, p j) = ∏ j ∈ s, eval x (p j)
  Retry history:
    Retry 1:
      Attempt: theorem eval_prod_test {ι : Type*} (s : Finset ι) (p : ι → R[X]) (x : R) :
    eval x (∏ j ∈ s, p j) = ∏ j ∈ s, eval x (p j) := by
  aesop (add norm [...
      Error: tactic 'aesop' failed, made no progress
Initial goal:
  R : Type u_1
  inst✝ : CommSemiring R
  ι : Type u_5
  s : Finset ι
  p : ι → R[X]
  x : R
  ⊢ eval x (∏ j ∈ s, p j) = ∏ j ∈ s, eval x (p j)
    Retry 2:
      Attempt: theorem eval_prod_test {ι : Type*} (s : Finset ι) (p : ι → R[X]) (x : R) :
    eval x (∏ j ∈ s, p j) = ∏ j ∈ s, eval x (p j) := by
  aesop (add norm [...
      Error: tactic 'aesop' failed, made no progress
Initial goal:
  R : Type u_1
  inst✝ : CommSemiring R
  ι : Type u_5
  s : Finset ι
  p : ι → R[X]
  x : R
  ⊢ eval x (∏ j ∈ s, p j) = ∏ j ∈ s, eval x (p j)

  Version 3 (2 attempts):
  Final output: theorem eval_prod_test {ι : Type*} (s : Finset ι) (p : ι → R[X]) (x : R) :
    eval x (∏ j ∈ s, p j) = ∏ j ∈ s, eval x (p j) := by
  aesop (add norm [evalRingHom, map_prod])

  Final error: tactic 'aesop' failed, made no progress
Initial goal:
  R : Type u_1
  inst✝ : CommSemiring R
  ι : Type u_5
  s : Finset ι
  p : ι → R[X]
  x : R
  ⊢ eval x (∏ j ∈ s, p j) = ∏ j ∈ s, eval x (p j)
  Retry history:
    Retry 1:
      Attempt: theorem eval_prod_test {ι : Type*} (s : Finset ι) (p : ι → R[X]) (x : R) :
    eval x (∏ j ∈ s, p j) = ∏ j ∈ s, eval x (p j) := by
  aesop (add norm e...
      Error: tactic 'aesop' failed, made no progress
Initial goal:
  R : Type u_1
  inst✝ : CommSemiring R
  ι : Type u_5
  s : Finset ι
  p : ι → R[X]
  x : R
  ⊢ eval x (∏ j ∈ s, p j) = ∏ j ∈ s, eval x (p j)
    Retry 2:
      Attempt: theorem eval_prod_test {ι : Type*} (s : Finset ι) (p : ι → R[X]) (x : R) :
    eval x (∏ j ∈ s, p j) = ∏ j ∈ s, eval x (p j) := by
  aesop (add norm [...
      Error: tactic 'aesop' failed, made no progress
Initial goal:
  R : Type u_1
  inst✝ : CommSemiring R
  ι : Type u_5
  s : Finset ι
  p : ι → R[X]
  x : R
  ⊢ eval x (∏ j ∈ s, p j) = ∏ j ∈ s, eval x (p j)

--------------------------------------------------------------------------------
FAILURE: list_prod_comp
--------------------------------------------------------------------------------
Line number: 683
Has @[simp]: False
Failure reason: all_versions_failed
Classification: unknown: Unclassified failure type
Context: commsemiring_r

Original theorem signature:
--------------------------------------------------------------------------------
theorem list_prod_comp (l : List R[X]) (q : R[X]) :
    l.prod.comp q = (l.map fun p : R[X] => p.comp q).prod
--------------------------------------------------------------------------------

LLM suggested proof (final):
--------------------------------------------------------------------------------
theorem list_prod_comp_test (l : List R[X]) (q : R[X]) :
    l.prod.comp q = (l.map fun p : R[X] => p.comp q).prod :=
  by aesop (add norm [map_list_prod, coe_compRingHom_apply])
--------------------------------------------------------------------------------

Error details:
--------------------------------------------------------------------------------
Original aesop error:
tactic 'aesop' failed, made no progress
Initial goal:
  R : Type u_1
  inst✝ : CommSemiring R
  l : List R[X]
  q : R[X]
  ⊢ l.prod.comp q = (List.map (fun p => p.comp q) l).prod

All 3 LLM versions failed after 6 total attempts
--------------------------------------------------------------------------------

~~~~~~~~~~~~~~~~~~~~~~~~~~~~~~~~~~~~~~~~~~~~~~~~~~~~~~~~~~~~~~~~~~~~~~~~~~~~~~~~
DETAILED VERSION ATTEMPTS (3 versions):
~~~~~~~~~~~~~~~~~~~~~~~~~~~~~~~~~~~~~~~~~~~~~~~~~~~~~~~~~~~~~~~~~~~~~~~~~~~~~~~~

  Version 1 (2 attempts):
  Final output: theorem list_prod_comp_test (l : List R[X]) (q : R[X]) :
    l.prod.comp q = (l.map fun p : R[X] => p.comp q).prod :=
  by aesop (add norm [map_list_prod, coe_compRingHom_apply])

  Final error: tactic 'aesop' failed, made no progress
Initial goal:
  R : Type u_1
  inst✝ : CommSemiring R
  l : List R[X]
  q : R[X]
  ⊢ l.prod.comp q = (List.map (fun p => p.comp q) l).prod
  Retry history:
    Retry 1:
      Attempt: theorem list_prod_comp_test (l : List R[X]) (q : R[X]) :
    l.prod.comp q = (l.map fun p : R[X] => p.comp q).prod :=
  by aesop (add norm map_list_pr...
      Error: tactic 'aesop' failed, made no progress
Initial goal:
  R : Type u_1
  inst✝ : CommSemiring R
  l : List R[X]
  q : R[X]
  ⊢ l.prod.comp q = (List.map (fun p => p.comp q) l).prod
    Retry 2:
      Attempt: theorem list_prod_comp_test (l : List R[X]) (q : R[X]) :
    l.prod.comp q = (l.map fun p : R[X] => p.comp q).prod :=
  by aesop (add norm [map_list_p...
      Error: tactic 'aesop' failed, made no progress
Initial goal:
  R : Type u_1
  inst✝ : CommSemiring R
  l : List R[X]
  q : R[X]
  ⊢ l.prod.comp q = (List.map (fun p => p.comp q) l).prod

  Version 2 (2 attempts):
  Final output: theorem list_prod_comp_test (l : List R[X]) (q : R[X]) :
    l.prod.comp q = (l.map fun p : R[X] => p.comp q).prod :=
  by aesop (add norm [map_list_prod, coe_compRingHom_apply])

  Final error: tactic 'aesop' failed, made no progress
Initial goal:
  R : Type u_1
  inst✝ : CommSemiring R
  l : List R[X]
  q : R[X]
  ⊢ l.prod.comp q = (List.map (fun p => p.comp q) l).prod
  Retry history:
    Retry 1:
      Attempt: theorem list_prod_comp_test (l : List R[X]) (q : R[X]) :
    l.prod.comp q = (l.map fun p : R[X] => p.comp q).prod :=
  by aesop (add norm map_list_pr...
      Error: tactic 'aesop' failed, made no progress
Initial goal:
  R : Type u_1
  inst✝ : CommSemiring R
  l : List R[X]
  q : R[X]
  ⊢ l.prod.comp q = (List.map (fun p => p.comp q) l).prod
    Retry 2:
      Attempt: theorem list_prod_comp_test (l : List R[X]) (q : R[X]) :
    l.prod.comp q = (l.map fun p : R[X] => p.comp q).prod :=
  by aesop (add norm [map_list_p...
      Error: tactic 'aesop' failed, made no progress
Initial goal:
  R : Type u_1
  inst✝ : CommSemiring R
  l : List R[X]
  q : R[X]
  ⊢ l.prod.comp q = (List.map (fun p => p.comp q) l).prod

  Version 3 (2 attempts):
  Final output: theorem list_prod_comp_test (l : List R[X]) (q : R[X]) :
    l.prod.comp q = (l.map fun p : R[X] => p.comp q).prod :=
  by aesop (add norm [map_list_prod, coe_compRingHom])

  Final error: tactic 'aesop' failed, made no progress
Initial goal:
  R : Type u_1
  inst✝ : CommSemiring R
  l : List R[X]
  q : R[X]
  ⊢ l.prod.comp q = (List.map (fun p => p.comp q) l).prod
  Retry history:
    Retry 1:
      Attempt: theorem list_prod_comp_test (l : List R[X]) (q : R[X]) :
    l.prod.comp q = (l.map fun p : R[X] => p.comp q).prod :=
  by aesop (add norm map_list_pr...
      Error: tactic 'aesop' failed, made no progress
Initial goal:
  R : Type u_1
  inst✝ : CommSemiring R
  l : List R[X]
  q : R[X]
  ⊢ l.prod.comp q = (List.map (fun p => p.comp q) l).prod
    Retry 2:
      Attempt: theorem list_prod_comp_test (l : List R[X]) (q : R[X]) :
    l.prod.comp q = (l.map fun p : R[X] => p.comp q).prod :=
  by aesop (add norm [map_list_p...
      Error: tactic 'aesop' failed, made no progress
Initial goal:
  R : Type u_1
  inst✝ : CommSemiring R
  l : List R[X]
  q : R[X]
  ⊢ l.prod.comp q = (List.map (fun p => p.comp q) l).prod

--------------------------------------------------------------------------------
FAILURE: multiset_prod_comp
--------------------------------------------------------------------------------
Line number: 687
Has @[simp]: False
Failure reason: all_versions_failed
Classification: unknown: Unclassified failure type
Context: commsemiring_r

Original theorem signature:
--------------------------------------------------------------------------------
theorem multiset_prod_comp (s : Multiset R[X]) (q : R[X]) :
    s.prod.comp q = (s.map fun p : R[X] => p.comp q).prod
--------------------------------------------------------------------------------

LLM suggested proof (final):
--------------------------------------------------------------------------------
theorem multiset_prod_comp_test (s : Multiset R[X]) (q : R[X]) :
    s.prod.comp q = (s.map fun p : R[X] => p.comp q).prod :=
  by aesop (add norm [map_multiset_prod, compRingHom, coe_compRingHom_apply])
--------------------------------------------------------------------------------

Error details:
--------------------------------------------------------------------------------
Original aesop error:
tactic 'aesop' failed, made no progress
Initial goal:
  R : Type u_1
  inst✝ : CommSemiring R
  s : Multiset R[X]
  q : R[X]
  ⊢ s.prod.comp q = (Multiset.map (fun p => p.comp q) s).prod

All 3 LLM versions failed after 6 total attempts
--------------------------------------------------------------------------------

~~~~~~~~~~~~~~~~~~~~~~~~~~~~~~~~~~~~~~~~~~~~~~~~~~~~~~~~~~~~~~~~~~~~~~~~~~~~~~~~
DETAILED VERSION ATTEMPTS (3 versions):
~~~~~~~~~~~~~~~~~~~~~~~~~~~~~~~~~~~~~~~~~~~~~~~~~~~~~~~~~~~~~~~~~~~~~~~~~~~~~~~~

  Version 1 (2 attempts):
  Final output: theorem multiset_prod_comp_test (s : Multiset R[X]) (q : R[X]) :
    s.prod.comp q = (s.map fun p : R[X] => p.comp q).prod :=
  by aesop (add norm [map_multiset_prod, compRingHom, coe_compRingHom_appl...

  Final error: tactic 'aesop' failed, made no progress
Initial goal:
  R : Type u_1
  inst✝ : CommSemiring R
  s : Multiset R[X]
  q : R[X]
  ⊢ s.prod.comp q = (Multiset.map (fun p => p.comp q) s).prod
  Retry history:
    Retry 1:
      Attempt: theorem multiset_prod_comp_test (s : Multiset R[X]) (q : R[X]) :
    s.prod.comp q = (s.map fun p : R[X] => p.comp q).prod :=
  by aesop (add norm [ma...
      Error: tactic 'aesop' failed, made no progress
Initial goal:
  R : Type u_1
  inst✝ : CommSemiring R
  s : Multiset R[X]
  q : R[X]
  ⊢ s.prod.comp q = (Multiset.map (fun p => p.comp q) s).prod
    Retry 2:
      Attempt: theorem multiset_prod_comp_test (s : Multiset R[X]) (q : R[X]) :
    s.prod.comp q = (s.map fun p : R[X] => p.comp q).prod :=
  by aesop (add norm [ma...
      Error: tactic 'aesop' failed, made no progress
Initial goal:
  R : Type u_1
  inst✝ : CommSemiring R
  s : Multiset R[X]
  q : R[X]
  ⊢ s.prod.comp q = (Multiset.map (fun p => p.comp q) s).prod

  Version 2 (2 attempts):
  Final output: theorem multiset_prod_comp_test (s : Multiset R[X]) (q : R[X]) :
    s.prod.comp q = (s.map fun p : R[X] => p.comp q).prod :=
  by aesop (add norm [map_multiset_prod, coe_compRingHom_apply, compRingHo...

  Final error: tactic 'aesop' failed, made no progress
Initial goal:
  R : Type u_1
  inst✝ : CommSemiring R
  s : Multiset R[X]
  q : R[X]
  ⊢ s.prod.comp q = (Multiset.map (fun p => p.comp q) s).prod
  Retry history:
    Retry 1:
      Attempt: theorem multiset_prod_comp_test (s : Multiset R[X]) (q : R[X]) :
    s.prod.comp q = (s.map fun p : R[X] => p.comp q).prod :=
  by aesop (add norm [ma...
      Error: tactic 'aesop' failed, made no progress
Initial goal:
  R : Type u_1
  inst✝ : CommSemiring R
  s : Multiset R[X]
  q : R[X]
  ⊢ s.prod.comp q = (Multiset.map (fun p => p.comp q) s).prod
    Retry 2:
      Attempt: theorem multiset_prod_comp_test (s : Multiset R[X]) (q : R[X]) :
    s.prod.comp q = (s.map fun p : R[X] => p.comp q).prod :=
  by aesop (add norm [ma...
      Error: tactic 'aesop' failed, made no progress
Initial goal:
  R : Type u_1
  inst✝ : CommSemiring R
  s : Multiset R[X]
  q : R[X]
  ⊢ s.prod.comp q = (Multiset.map (fun p => p.comp q) s).prod

  Version 3 (2 attempts):
  Final output: theorem multiset_prod_comp_test (s : Multiset R[X]) (q : R[X]) :
    s.prod.comp q = (s.map fun p : R[X] => p.comp q).prod :=
  by aesop (add norm [map_multiset_prod, compRingHom, coe_compRingHom])

  Final error: tactic 'aesop' failed, made no progress
Initial goal:
  R : Type u_1
  inst✝ : CommSemiring R
  s : Multiset R[X]
  q : R[X]
  ⊢ s.prod.comp q = (Multiset.map (fun p => p.comp q) s).prod
  Retry history:
    Retry 1:
      Attempt: theorem multiset_prod_comp_test (s : Multiset R[X]) (q : R[X]) :
    s.prod.comp q = (s.map fun p : R[X] => p.comp q).prod :=
  by aesop (add norm [ma...
      Error: tactic 'aesop' failed, made no progress
Initial goal:
  R : Type u_1
  inst✝ : CommSemiring R
  s : Multiset R[X]
  q : R[X]
  ⊢ s.prod.comp q = (Multiset.map (fun p => p.comp q) s).prod
    Retry 2:
      Attempt: theorem multiset_prod_comp_test (s : Multiset R[X]) (q : R[X]) :
    s.prod.comp q = (s.map fun p : R[X] => p.comp q).prod :=
  by aesop (add norm [ma...
      Error: tactic 'aesop' failed, made no progress
Initial goal:
  R : Type u_1
  inst✝ : CommSemiring R
  s : Multiset R[X]
  q : R[X]
  ⊢ s.prod.comp q = (Multiset.map (fun p => p.comp q) s).prod

--------------------------------------------------------------------------------
FAILURE: prod_comp
--------------------------------------------------------------------------------
Line number: 691
Has @[simp]: False
Failure reason: all_versions_failed
Classification: unknown: Unclassified failure type
Context: commsemiring_r

Original theorem signature:
--------------------------------------------------------------------------------
theorem prod_comp {ι : Type*} (s : Finset ι) (p : ι → R[X]) (q : R[X]) :
    (∏ j ∈ s, p j).comp q = ∏ j ∈ s, (p j).comp q
--------------------------------------------------------------------------------

LLM suggested proof (final):
--------------------------------------------------------------------------------
theorem prod_comp_test {ι : Type*} (s : Finset ι) (p : ι → R[X]) (q : R[X]) :
    (∏ j ∈ s, p j).comp q = ∏ j ∈ s, (p j).comp q :=
  by aesop (add norm [coe_compRingHom_apply, map_prod])
--------------------------------------------------------------------------------

Error details:
--------------------------------------------------------------------------------
Original aesop error:
tactic 'aesop' failed, made no progress
Initial goal:
  R : Type u_1
  inst✝ : CommSemiring R
  ι : Type u_5
  s : Finset ι
  p : ι → R[X]
  q : R[X]
  ⊢ (∏ j ∈ s, p j).comp q = ∏ j ∈ s, (p j).comp q

All 3 LLM versions failed after 6 total attempts
--------------------------------------------------------------------------------

~~~~~~~~~~~~~~~~~~~~~~~~~~~~~~~~~~~~~~~~~~~~~~~~~~~~~~~~~~~~~~~~~~~~~~~~~~~~~~~~
DETAILED VERSION ATTEMPTS (3 versions):
~~~~~~~~~~~~~~~~~~~~~~~~~~~~~~~~~~~~~~~~~~~~~~~~~~~~~~~~~~~~~~~~~~~~~~~~~~~~~~~~

  Version 1 (2 attempts):
  Final output: theorem prod_comp_test {ι : Type*} (s : Finset ι) (p : ι → R[X]) (q : R[X]) :
    (∏ j ∈ s, p j).comp q = ∏ j ∈ s, (p j).comp q :=
  by aesop (add norm [coe_compRingHom_apply, map_prod])

  Final error: tactic 'aesop' failed, made no progress
Initial goal:
  R : Type u_1
  inst✝ : CommSemiring R
  ι : Type u_5
  s : Finset ι
  p : ι → R[X]
  q : R[X]
  ⊢ (∏ j ∈ s, p j).comp q = ∏ j ∈ s, (p j).comp q
  Retry history:
    Retry 1:
      Attempt: theorem prod_comp_test {ι : Type*} (s : Finset ι) (p : ι → R[X]) (q : R[X]) :
    (∏ j ∈ s, p j).comp q = ∏ j ∈ s, (p j).comp q :=
  by aesop (add nor...
      Error: tactic 'aesop' failed, made no progress
Initial goal:
  R : Type u_1
  inst✝ : CommSemiring R
  ι : Type u_5
  s : Finset ι
  p : ι → R[X]
  q : R[X]
  ⊢ (∏ j ∈ s, p j).comp q = ∏ j ∈ s, (p j).comp q
    Retry 2:
      Attempt: theorem prod_comp_test {ι : Type*} (s : Finset ι) (p : ι → R[X]) (q : R[X]) :
    (∏ j ∈ s, p j).comp q = ∏ j ∈ s, (p j).comp q :=
  by aesop (add nor...
      Error: tactic 'aesop' failed, made no progress
Initial goal:
  R : Type u_1
  inst✝ : CommSemiring R
  ι : Type u_5
  s : Finset ι
  p : ι → R[X]
  q : R[X]
  ⊢ (∏ j ∈ s, p j).comp q = ∏ j ∈ s, (p j).comp q

  Version 2 (2 attempts):
  Final output: theorem prod_comp_test {ι : Type*} (s : Finset ι) (p : ι → R[X]) (q : R[X]) :
    (∏ j ∈ s, p j).comp q = ∏ j ∈ s, (p j).comp q :=
  by aesop (add norm [coe_compRingHom_apply, map_prod])

  Final error: tactic 'aesop' failed, made no progress
Initial goal:
  R : Type u_1
  inst✝ : CommSemiring R
  ι : Type u_5
  s : Finset ι
  p : ι → R[X]
  q : R[X]
  ⊢ (∏ j ∈ s, p j).comp q = ∏ j ∈ s, (p j).comp q
  Retry history:
    Retry 1:
      Attempt: theorem prod_comp_test {ι : Type*} (s : Finset ι) (p : ι → R[X]) (q : R[X]) :
    (∏ j ∈ s, p j).comp q = ∏ j ∈ s, (p j).comp q :=
  by aesop (add nor...
      Error: tactic 'aesop' failed, made no progress
Initial goal:
  R : Type u_1
  inst✝ : CommSemiring R
  ι : Type u_5
  s : Finset ι
  p : ι → R[X]
  q : R[X]
  ⊢ (∏ j ∈ s, p j).comp q = ∏ j ∈ s, (p j).comp q
    Retry 2:
      Attempt: theorem prod_comp_test {ι : Type*} (s : Finset ι) (p : ι → R[X]) (q : R[X]) :
    (∏ j ∈ s, p j).comp q = ∏ j ∈ s, (p j).comp q :=
  by aesop (add nor...
      Error: tactic 'aesop' failed, made no progress
Initial goal:
  R : Type u_1
  inst✝ : CommSemiring R
  ι : Type u_5
  s : Finset ι
  p : ι → R[X]
  q : R[X]
  ⊢ (∏ j ∈ s, p j).comp q = ∏ j ∈ s, (p j).comp q

  Version 3 (2 attempts):
  Final output: theorem prod_comp_test {ι : Type*} (s : Finset ι) (p : ι → R[X]) (q : R[X]) :
    (∏ j ∈ s, p j).comp q = ∏ j ∈ s, (p j).comp q :=
  by aesop (add norm [map_prod, compRingHom, coe_compRingHom_apply])

  Final error: tactic 'aesop' failed, made no progress
Initial goal:
  R : Type u_1
  inst✝ : CommSemiring R
  ι : Type u_5
  s : Finset ι
  p : ι → R[X]
  q : R[X]
  ⊢ (∏ j ∈ s, p j).comp q = ∏ j ∈ s, (p j).comp q
  Retry history:
    Retry 1:
      Attempt: theorem prod_comp_test {ι : Type*} (s : Finset ι) (p : ι → R[X]) (q : R[X]) :
    (∏ j ∈ s, p j).comp q = ∏ j ∈ s, (p j).comp q :=
  by aesop (add nor...
      Error: tactic 'aesop' failed, made no progress
Initial goal:
  R : Type u_1
  inst✝ : CommSemiring R
  ι : Type u_5
  s : Finset ι
  p : ι → R[X]
  q : R[X]
  ⊢ (∏ j ∈ s, p j).comp q = ∏ j ∈ s, (p j).comp q
    Retry 2:
      Attempt: theorem prod_comp_test {ι : Type*} (s : Finset ι) (p : ι → R[X]) (q : R[X]) :
    (∏ j ∈ s, p j).comp q = ∏ j ∈ s, (p j).comp q :=
  by aesop (add nor...
      Error: tactic 'aesop' failed, made no progress
Initial goal:
  R : Type u_1
  inst✝ : CommSemiring R
  ι : Type u_5
  s : Finset ι
  p : ι → R[X]
  q : R[X]
  ⊢ (∏ j ∈ s, p j).comp q = ∏ j ∈ s, (p j).comp q

